VPR FPGA Placement and Routing.
Version: 8.1.0-dev+dadca7ecf
Revision: v8.0.0-rc2-2894-gdadca7ecf
Compiled: 2020-10-14T15:08:54
Compiler: GNU 7.3.0 on Linux-4.15.0-1028-gcp x86_64
Build Info: Release IPO VTR_ASSERT_LEVEL=2

University of Toronto
verilogtorouting.org
vtr-users@googlegroups.com
This is free open source code under MIT license.

VPR was run with the following command-line:
vpr /home/vedula/qorc-sdk/fpga_toolchain_install/v1.3.1/quicklogic-arch-defs/share/arch/ql-eos-s3_wlcsp/arch.timing.xml helloworldfpga.eblif --device ql-eos-s3 --max_router_iterations 500 --routing_failure_predictor off --router_high_fanout_threshold -1 --constant_net_method route --route_chan_width 100 --clock_modeling route --place_delay_model delta_override --router_lookahead map --check_route quick --strict_checks off --allow_dangling_combinational_nodes on --disable_errors check_unbuffered_edges:check_route --congested_routing_iteration_threshold 0.8 --incremental_reroute_delay_ripup off --base_cost_type delay_normalized_length_bounded --bb_factor 10 --initial_pres_fac 4.0 --check_rr_graph off --suppress_warnings ,sum_pin_class:check_unbuffered_edges:load_rr_indexed_data_T_values:check_rr_node:trans_per_R:check_route:set_rr_graph_tool_comment:warn_model_missing_timing --read_rr_graph /home/vedula/qorc-sdk/fpga_toolchain_install/v1.3.1/quicklogic-arch-defs/share/arch/ql-eos-s3_wlcsp/rr_graph_ql-eos-s3_wlcsp.rr_graph.real.bin --read_placement_delay_lookup /home/vedula/qorc-sdk/fpga_toolchain_install/v1.3.1/quicklogic-arch-defs/share/arch/ql-eos-s3_wlcsp/rr_graph_ql-eos-s3_wlcsp.place_delay.bin --sdc_file /home/vedula/qorc-sdk/fpga-examples/decadecounter/build/helloworldfpga_dummy.sdc --route

Using up to 1 parallel worker(s)

Architecture file: /home/vedula/qorc-sdk/fpga_toolchain_install/v1.3.1/quicklogic-arch-defs/share/arch/ql-eos-s3_wlcsp/arch.timing.xml
Circuit name: helloworldfpga

# Loading Architecture Description
# Loading Architecture Description took 0.38 seconds (max_rss 31.0 MiB, delta_rss +24.8 MiB)
# Building complex block graph
# Building complex block graph took 0.08 seconds (max_rss 39.7 MiB, delta_rss +8.8 MiB)
# Load circuit
# Load circuit took 0.01 seconds (max_rss 41.4 MiB, delta_rss +1.6 MiB)
# Clean circuit
Absorbed 1132 LUT buffers
Inferred  106 additional primitive pins as constant generators since they have no combinationally connected inputs
Inferred   43 additional primitive pins as constant generators due to constant inputs
Inferred    0 additional primitive pins as constant generators since they have no combinationally connected inputs
Inferred    0 additional primitive pins as constant generators due to constant inputs
Inferred    0 additional primitive pins as constant generators since they have no combinationally connected inputs
Inferred    0 additional primitive pins as constant generators due to constant inputs
Swept input(s)      : 0
Swept output(s)     : 0 (0 dangling, 0 constant)
Swept net(s)        : 141
Swept block(s)      : 1
Constant Pins Marked: 149
# Clean circuit took 0.01 seconds (max_rss 43.3 MiB, delta_rss +1.9 MiB)
# Compress circuit
# Compress circuit took 0.00 seconds (max_rss 43.3 MiB, delta_rss +0.0 MiB)
# Verify circuit
# Verify circuit took 0.00 seconds (max_rss 43.3 MiB, delta_rss +0.0 MiB)
Circuit Statistics:
  Blocks: 156
    .output   :       7
    ASSP      :       1
    BIDIR_CELL:       7
    C_FRAG    :      17
    GND       :       1
    Q_FRAG    :      35
    T_FRAG    :      87
    VCC       :       1
  Nets  : 149
    Avg Fanout:     8.5
    Max Fanout:   526.0
    Min Fanout:     1.0
  Netlist Clocks: 1
# Build Timing Graph
  Timing Graph Nodes: 1413
  Timing Graph Edges: 2283
  Timing Graph Levels: 26
# Build Timing Graph took 0.00 seconds (max_rss 43.3 MiB, delta_rss +0.0 MiB)
Netlist contains 1 clocks
  Netlist Clock 'clk' Fanout: 35 pins (2.5%), 35 blocks (22.4%)
# Load Timing Constraints

SDC file '/home/vedula/qorc-sdk/fpga-examples/decadecounter/build/helloworldfpga_dummy.sdc' contained no SDC commands
Setting default timing constraints:
   * constrain all primay inputs and primary outputs on netlist clock 'clk'
   * optimize netlist clock to run as fast as possible
Timing constraints created 1 clocks
  Constrained Clock 'clk' Source: 'u_qlal4s3b_cell_macro.Sys_Clk0[0]'

# Load Timing Constraints took 0.00 seconds (max_rss 43.3 MiB, delta_rss +0.0 MiB)
Timing analysis: ON
Circuit netlist file: helloworldfpga.net
Circuit placement file: helloworldfpga.place
Circuit routing file: helloworldfpga.route
Circuit SDC file: /home/vedula/qorc-sdk/fpga-examples/decadecounter/build/helloworldfpga_dummy.sdc

Packer: ENABLED
Placer: ENABLED
Router: ENABLED
Analysis: ENABLED

NetlistOpts.abosrb_buffer_luts            : true
NetlistOpts.sweep_dangling_primary_ios    : true
NetlistOpts.sweep_dangling_nets           : true
NetlistOpts.sweep_dangling_blocks         : true
NetlistOpts.sweep_constant_primary_outputs: false
NetlistOpts.netlist_verbosity             : 1
NetlistOpts.const_gen_inference           : COMB_SEQ

PackerOpts.allow_unrelated_clustering: auto
PackerOpts.alpha_clustering: 0.750000
PackerOpts.beta_clustering: 0.900000
PackerOpts.cluster_seed_type: BLEND2
PackerOpts.connection_driven: true
PackerOpts.global_clocks: true
PackerOpts.hill_climbing_flag: false
PackerOpts.inter_cluster_net_delay: 1.000000
PackerOpts.timing_driven: true
PackerOpts.target_external_pin_util: auto

PlacerOpts.place_freq: PLACE_ONCE
PlacerOpts.place_algorithm: CRITICALITY_TIMING_PLACE
PlacerOpts.pad_loc_type: FREE
PlacerOpts.constraints_file: No constraints file given
PlacerOpts.place_cost_exp: 1.000000
PlacerOpts.place_chan_width: 100
PlacerOpts.inner_loop_recompute_divider: 0
PlacerOpts.recompute_crit_iter: 1
PlacerOpts.timing_tradeoff: 0.500000
PlacerOpts.td_place_exp_first: 1.000000
PlacerOpts.td_place_exp_last: 8.000000
PlacerOpts.delay_offset: 0.000000
PlacerOpts.delay_ramp_delta_threshold: -1
PlacerOpts.delay_ramp_slope: 0.000000
PlacerOpts.tsu_rel_margin: 1.000000
PlacerOpts.tsu_abs_margin: 0.000000
PlacerOpts.post_place_timing_report_file: 
PlacerOpts.allowed_tiles_for_delay_model: 
PlacerOpts.delay_model_reducer: MIN
PlacerOpts.delay_model_type: DELTA_OVERRIDE
PlacerOpts.rlim_escape_fraction: 0.000000
PlacerOpts.move_stats_file: 
PlacerOpts.placement_saves_per_temperature: 0
PlacerOpts.effort_scaling: CIRCUIT
PlacerOpts.place_delta_delay_matrix_calculation_method: ASTAR_ROUTE
PlaceOpts.seed: 1
AnnealSched.type: AUTO_SCHED
AnnealSched.inner_num: 1.000000

RouterOpts.route_type: DETAILED
RouterOpts.router_algorithm: TIMING_DRIVEN
RouterOpts.base_cost_type: DELAY_NORMALIZED_LENGTH_BOUNDED
RouterOpts.fixed_channel_width: 100
RouterOpts.check_route: QUICK
RouterOpts.trim_empty_chan: false
RouterOpts.trim_obs_chan: false
RouterOpts.acc_fac: 1.000000
RouterOpts.bb_factor: 10
RouterOpts.bend_cost: 0.000000
RouterOpts.first_iter_pres_fac: 0.000000
RouterOpts.initial_pres_fac: 4.000000
RouterOpts.pres_fac_mult: 1.300000
RouterOpts.max_router_iterations: 500
RouterOpts.min_incremental_reroute_fanout: 16
RouterOpts.do_check_rr_graph: false
RouterOpts.verify_binary_search: false
RouterOpts.min_channel_width_hint: 0
RouterOpts.read_rr_edge_metadata: false
RouterOpts.exit_after_first_routing_iteration: false
RouterOpts.astar_fac: 1.200000
RouterOpts.criticality_exp: 1.000000
RouterOpts.max_criticality: 0.990000
RouterOpts.init_wirelength_abort_threshold: 0.850000
RouterOpts.save_routing_per_iteration: false
RouterOpts.congested_routing_iteration_threshold_frac: 0.800000
RouterOpts.high_fanout_threshold: -1
RouterOpts.router_debug_net: -2
RouterOpts.router_debug_sink_rr: -2
RouterOpts.router_debug_iteration: -2
RouterOpts.max_convergence_count: 1
RouterOpts.reconvergence_cpd_threshold: 0.990000
RouterOpts.update_lower_bound_delays: true
RouterOpts.first_iteration_timing_report_file: 
RouterOpts.incr_reroute_delay_ripup: OFF
RouterOpts.route_bb_update: DYNAMIC
RouterOpts.lookahead_type: MAP
RouterOpts.initial_timing: LOOKAHEAD
RouterOpts.router_heap: BINARY_HEAP
RouterOpts.routing_failure_predictor = OFF
RouterOpts.routing_budgets_algorithm = DISABLE

AnalysisOpts.gen_post_synthesis_netlist: false
AnalysisOpts.timing_report_npaths: 100
AnalysisOpts.timing_report_skew: false
AnalysisOpts.echo_dot_timing_graph_node: -1
AnalysisOpts.timing_report_detail: NETLIST

RoutingArch.directionality: BI_DIRECTIONAL
RoutingArch.switch_block_type: WILTON
RoutingArch.Fs: 3

# Load Packing
Begin loading packed FPGA netlist file.
Netlist generated from file 'helloworldfpga.net'.
Detected 2 constant generators (to see names run with higher pack verbosity)
Finished loading packed FPGA netlist file (took 0.033114 seconds).
# Load Packing took 0.03 seconds (max_rss 45.0 MiB, delta_rss +1.7 MiB)
Warning 1: Netlist contains 0 global net to non-global architecture pin connections
Warning 2: Logic block #69 ($false) has only 1 output pin '$false.GND0_GND[0]'. It may be a constant generator.
Warning 3: Logic block #70 ($true) has only 1 output pin '$true.VCC0_VCC[0]'. It may be a constant generator.

Netlist num_nets: 113
Netlist num_blocks: 71
Netlist EMPTY blocks: 0.
Netlist PB-SYN_GND blocks: 1.
Netlist PB-BIDIR blocks: 7.
Netlist PB-ASSP blocks: 1.
Netlist PB-LOGIC blocks: 61.
Netlist PB-SDIOMUX blocks: 0.
Netlist PB-MULT blocks: 0.
Netlist PB-GMUX blocks: 0.
Netlist PB-CLOCK blocks: 0.
Netlist PB-RAM blocks: 0.
Netlist PB-SYN_VCC blocks: 1.
Netlist inputs pins: 0
Netlist output pins: 21


Pb types usage...
  PB-SYN_GND        : 1
   GND              : 1
  PB-BIDIR          : 7
   BIDIR            : 7
    OUTPUT          : 7
     bidir          : 7
     outpad         : 7
  PB-ASSP           : 1
   ASSP             : 1
  PB-LOGIC          : 61
   LOGIC            : 61
    FRAGS           : 61
     c_frag_modes   : 61
      SINGLE        : 17
       c_frag       : 17
      SPLIT         : 44
       b_frag       : 44
       t_frag       : 43
     q_frag_modes   : 35
      INT           : 29
       q_frag       : 29
      EXT           : 6
       q_frag       : 6
  PB-SYN_VCC        : 1
   VCC              : 1

# Create Device
## Build Device Grid
FPGA sized to 39 x 35: 1365 grid tiles (ql-eos-s3)

Resource usage...
	Netlist
		1	blocks of type: PB-SYN_GND
	Architecture
		1	blocks of type: TL-SYN_GND
	Netlist
		7	blocks of type: PB-BIDIR
	Architecture
		32	blocks of type: TL-BIDIR
	Netlist
		1	blocks of type: PB-ASSP
	Architecture
		1	blocks of type: TL-ASSP
	Netlist
		61	blocks of type: PB-LOGIC
	Architecture
		891	blocks of type: TL-LOGIC
	Netlist
		0	blocks of type: PB-SDIOMUX
	Architecture
		14	blocks of type: TL-SDIOMUX
	Netlist
		0	blocks of type: PB-MULT
	Architecture
		2	blocks of type: TL-MULT
	Netlist
		0	blocks of type: PB-GMUX
	Architecture
		5	blocks of type: TL-GMUX
	Netlist
		0	blocks of type: PB-CLOCK
	Architecture
		5	blocks of type: TL-CLOCK
	Netlist
		0	blocks of type: PB-RAM
	Architecture
		4	blocks of type: TL-RAM
	Netlist
		1	blocks of type: PB-SYN_VCC
	Architecture
		1	blocks of type: TL-SYN_VCC

Device Utilization: 0.05 (target 1.00)
	Physical Tile TL-LOGIC:
	Block Utilization: 0.07 Logical Block: PB-LOGIC
	Physical Tile TL-RAM:
	Block Utilization: 0.00 Logical Block: PB-RAM
	Physical Tile TL-MULT:
	Block Utilization: 0.00 Logical Block: PB-MULT
	Physical Tile TL-BIDIR:
	Block Utilization: 0.22 Logical Block: PB-BIDIR
	Physical Tile TL-CLOCK:
	Block Utilization: 0.00 Logical Block: PB-CLOCK
	Physical Tile TL-SDIOMUX:
	Block Utilization: 0.00 Logical Block: PB-SDIOMUX
	Physical Tile TL-GMUX:
	Block Utilization: 0.00 Logical Block: PB-GMUX
	Physical Tile TL-ASSP:
	Block Utilization: 1.00 Logical Block: PB-ASSP
	Physical Tile TL-SYN_VCC:
	Block Utilization: 1.00 Logical Block: PB-SYN_VCC
	Physical Tile TL-SYN_GND:
	Block Utilization: 1.00 Logical Block: PB-SYN_GND

## Build Device Grid took 0.01 seconds (max_rss 45.2 MiB, delta_rss +0.0 MiB)
## Loading routing resource graph


## Loading routing resource graph took 0.55 seconds (max_rss 352.7 MiB, delta_rss +307.5 MiB)
  RR Graph Nodes: 1396446
  RR Graph Edges: 2337988
# Create Device took 1.13 seconds (max_rss 357.4 MiB, delta_rss +312.2 MiB)

# Load Placement
Reading helloworldfpga.place.

Successfully read helloworldfpga.place.

# Load Placement took 0.00 seconds (max_rss 357.4 MiB, delta_rss +0.0 MiB)

# Computing router lookahead map
## Computing wire lookahead
Warning 4: Unable to find any sample location for segment CHANX type 'generic' (length 1)
Warning 5: Unable to find any sample location for segment CHANY type 'generic' (length 1)
Warning 6: Unable to find any sample location for segment CHANX type 'pad' (length 1)
Warning 7: Unable to find any sample location for segment CHANY type 'pad' (length 1)
## Computing wire lookahead took 21.60 seconds (max_rss 357.4 MiB, delta_rss +0.0 MiB)
## Computing src/opin lookahead
## Computing src/opin lookahead took 0.00 seconds (max_rss 357.4 MiB, delta_rss +0.0 MiB)
# Computing router lookahead map took 21.60 seconds (max_rss 357.4 MiB, delta_rss +0.0 MiB)
# Routing
  RR Graph Nodes: 1396446
  RR Graph Edges: 2337988
Confirming router algorithm: TIMING_DRIVEN.
## Initializing router criticalities
Initial Net Connection Criticality Histogram:
[        0:      0.1) 727 ( 61.4%) |***********************************************
[      0.1:      0.2)   0 (  0.0%) |
[      0.2:      0.3)  47 (  4.0%) |***
[      0.3:      0.4)  33 (  2.8%) |**
[      0.4:      0.5)  43 (  3.6%) |***
[      0.5:      0.6)  47 (  4.0%) |***
[      0.6:      0.7)  48 (  4.1%) |***
[      0.7:      0.8)  44 (  3.7%) |***
[      0.8:      0.9) 128 ( 10.8%) |********
[      0.9:        1)  68 (  5.7%) |****
## Initializing router criticalities took 0.00 seconds (max_rss 405.5 MiB, delta_rss +0.0 MiB)
---- ------ ------- ---- ------- ------- ------- ----------------- --------------- -------- ---------- ---------- ---------- ---------- --------
Iter   Time    pres  BBs    Heap  Re-Rtd  Re-Rtd Overused RR Nodes      Wirelength      CPD       sTNS       sWNS       hTNS       hWNS Est Succ
      (sec)     fac Updt    push    Nets   Conns                                       (ns)       (ns)       (ns)       (ns)       (ns)     Iter
---- ------ ------- ---- ------- ------- ------- ----------------- --------------- -------- ---------- ---------- ---------- ---------- --------
   1    7.9     0.0    0 3.2e+07     113    1185    1563 ( 0.112%)   28249 ( 2.0%)   61.528     -2102.    -61.528      0.000      0.000      N/A
   2    6.2     4.0    0 2.3e+07     102     792     708 ( 0.051%)   29181 ( 2.1%)   61.619     -2106.    -61.619      0.000      0.000      N/A
   3    5.2     5.2    0 1.9e+07      71     529     476 ( 0.034%)   29266 ( 2.1%)   61.619     -2106.    -61.619      0.000      0.000      N/A
   4    3.8     6.8    0 1.4e+07      55     378     257 ( 0.018%)   29216 ( 2.1%)   61.619     -2106.    -61.619      0.000      0.000      N/A
   5    2.1     8.8    0 7751049      38     258     151 ( 0.011%)   29354 ( 2.1%)   61.610     -2107.    -61.610      0.000      0.000      N/A
   6    2.0    11.4    0 7292784      27     199     105 ( 0.008%)   29431 ( 2.1%)   61.610     -2107.    -61.610      0.000      0.000      N/A
   7    1.4    14.9    0 5375931      18     125      57 ( 0.004%)   29575 ( 2.1%)   61.691     -2108.    -61.691      0.000      0.000      N/A
   8    1.5    19.3    0 5765152      13      82      58 ( 0.004%)   29599 ( 2.1%)   61.731     -2110.    -61.731      0.000      0.000      N/A
   9    0.9    25.1    0 3519637      13      76      50 ( 0.004%)   29629 ( 2.1%)   61.809     -2112.    -61.809      0.000      0.000      N/A
  10    0.8    32.6    0 3260801      13      72      30 ( 0.002%)   29684 ( 2.1%)   61.849     -2113.    -61.849      0.000      0.000       22
  11    0.7    42.4    0 2648634       8      34      15 ( 0.001%)   29718 ( 2.1%)   61.849     -2113.    -61.849      0.000      0.000       23
  12    0.3    55.1    0 1028679       6      19      15 ( 0.001%)   29719 ( 2.1%)   61.770     -2111.    -61.770      0.000      0.000       20
  13    0.2    71.7    0  661039       6      34       6 ( 0.000%)   29757 ( 2.1%)   61.770     -2111.    -61.770      0.000      0.000       20
  14    0.2    93.2    0  524662       4      12       3 ( 0.000%)   29798 ( 2.1%)   61.849     -2113.    -61.849      0.000      0.000       18
  15    0.1   121.1    0  444538       2       2       3 ( 0.000%)   29799 ( 2.1%)   61.849     -2113.    -61.849      0.000      0.000       17
  16    0.1   157.5    0  250535       2       3       0 ( 0.000%)   29868 ( 2.1%)   61.849     -2113.    -61.849      0.000      0.000       17
Restoring best routing
Critical path: 61.8485 ns
Successfully routed after 16 routing iterations.
Final Net Connection Criticality Histogram:
[        0:      0.1) 727 ( 61.4%) |***********************************************
[      0.1:      0.2)   0 (  0.0%) |
[      0.2:      0.3)  10 (  0.8%) |*
[      0.3:      0.4)  57 (  4.8%) |****
[      0.4:      0.5)  34 (  2.9%) |**
[      0.5:      0.6)  40 (  3.4%) |***
[      0.6:      0.7)  46 (  3.9%) |***
[      0.7:      0.8)  58 (  4.9%) |****
[      0.8:      0.9)  51 (  4.3%) |***
[      0.9:        1) 162 ( 13.7%) |**********
Router Stats: total_nets_routed: 491 total_connections_routed: 3800 total_heap_pushes: 126774354 total_heap_pops: 109273570
# Routing took 34.12 seconds (max_rss 405.5 MiB, delta_rss +48.2 MiB)

Checking to ensure routing is legal...
Completed routing consistency check successfully.

Serial number (magic cookie) for the routing is: -563371124
Circuit successfully routed with a channel width factor of 100.

Incr Slack updates 17 in 0.000399541 sec
Full Max Req/Worst Slack updates 3 in 1.3635e-05 sec
Incr Max Req/Worst Slack updates 14 in 0.00012129 sec
Incr Criticality updates 5 in 0.000143645 sec
Full Criticality updates 12 in 0.000540361 sec

Average number of bends per net: 226.903  Maximum # of bends: 6405

Number of global nets: 0
Number of routed nets (nonglobal): 113
Wire length results (in units of 1 clb segments)...
	Total wirelength: 28903, average net length: 255.779
	Maximum net length: 8331

Wire length results in terms of physical segments...
	Total wiring segments used: 26145, average wire segments per net: 231.372
	Maximum segments used by a net: 6614
	Total local nets with reserved CLB opins: 0

Routing channel utilization histogram:
[        1:      inf)    0 (  0.0%) |
[      0.9:        1)   54 (  2.1%) |*
[      0.8:      0.9)    0 (  0.0%) |
[      0.7:      0.8)    6 (  0.2%) |
[      0.5:      0.6)    0 (  0.0%) |
[      0.4:      0.5)    0 (  0.0%) |
[      0.3:      0.4)    6 (  0.2%) |
[      0.2:      0.3)   82 (  3.2%) |**
[      0.1:      0.2)   64 (  2.5%) |*
[        0:      0.1) 2372 ( 91.8%) |**********************************************
Maximum routing channel utilization:         1 at (1,3)

X - Directed channels:   j max occ ave occ capacity
                      ---- ------- ------- --------
                         0       2   1.231        2
                         1     161  10.026      221
                         2       0   0.000        0
                         3      83  21.615      635
                         4      70   3.154      623
                         5      70   2.154      658
                         6      78   3.897      623
                         7      77   2.436      623
                         8      28   1.897      623
                         9      20   1.795      623
                        10     224  28.308      665
                        11     241  34.026      623
                        12     244  42.692      647
                        13     207  42.385      623
                        14     257  52.923      623
                        15     221  42.487      623
                        16     184  31.615      623
                        17     208  27.795      623
                        18     203  16.487      725
                        19       8   0.410      623
                        20       0   0.000      623
                        21       0   0.000      623
                        22       0   0.000      623
                        23       0   0.000      623
                        24       0   0.000      623
                        25       0   0.000      657
                        26       0   0.000      634
                        27       0   0.000      623
                        28       0   0.000      623
                        29       0   0.000      624
                        30       0   0.000      625
                        31       0   0.000      626
                        32       0   0.000      786
                        33       0   0.000      269
Y - Directed channels:   i max occ ave occ capacity
                      ---- ------- ------- --------
                         0       0   0.000        2
                         1      47   4.057      287
                         2       1   0.029        4
                         3     179  54.629      848
                         4      36   3.200      874
                         5      46   2.314      819
                         6      23   4.714      760
                         7      46   1.886      761
                         8       6   1.314      761
                         9      46   3.771      761
                        10      16   2.229      757
                        11      11   1.000      775
                        12      54   5.000      757
                        13      41   2.286      761
                        14     195  21.886      761
                        15     204  32.143      761
                        16     196  33.143      761
                        17     191  26.971      761
                        18     209  38.143      761
                        19     251  38.143      816
                        20     218  43.686      761
                        21     235  37.914      883
                        22     214  31.000      761
                        23     183  23.429      761
                        24      29   1.829      761
                        25       0   0.000      761
                        26      30   1.771      757
                        27       0   0.000      775
                        28       0   0.000      757
                        29       0   0.000      761
                        30       0   0.000      761
                        31       0   0.000      761
                        32       0   0.000      761
                        33       0   0.000      763
                        34       0   0.000      762
                        35       0   0.000      764
                        36       0   0.000     1024
                        37       0   0.000      164

Total tracks in x-direction: 19611, in y-direction: 27046

Logic area (in minimum width transistor areas, excludes I/Os and empty grid tiles)...
	Total logic block area (Warning, need to add pitch of routing to blocks with height > 3): 1.3515e+07
	Total used logic block area: 960000

Routing area (in minimum width transistor areas)...
	Assuming no buffer sharing (pessimistic). Total: 1.07847e+09, per logic tile: 790090.
	Assuming buffer sharing (slightly optimistic). Total: 8.38760e+08, per logic tile: 614476.


Segment usage by type (index):    name type utilization
                               ------- ---- -----------
                                  sbox    2      0.0169
                                   vcc    3      0.0848
                                   gnd    4      0.0992
                                  hop1    5      0.0211
                                  hop2    6      0.0295
                                  hop3    7      0.0385
                                  hop4    8      0.0149
                                 clock    9           0
                               special   10      0.0828

Segment usage by length: length utilization
                         ------ -----------
                              1      0.0174
                              2      0.0295
                              3      0.0385
                              4      0.0149


Final hold Worst Negative Slack (hWNS): 0 ns
Final hold Total Negative Slack (hTNS): 0 ns

Final hold slack histogram:
[    4e-09:  7.9e-09) 18 ( 48.6%) |************************************************
[  7.9e-09:  1.2e-08)  9 ( 24.3%) |************************
[  1.2e-08:  1.6e-08)  3 (  8.1%) |********
[  1.6e-08:    2e-08)  0 (  0.0%) |
[    2e-08:  2.3e-08)  0 (  0.0%) |
[  2.3e-08:  2.7e-08)  0 (  0.0%) |
[  2.7e-08:  3.1e-08)  0 (  0.0%) |
[  3.1e-08:  3.5e-08)  0 (  0.0%) |
[  3.5e-08:  3.9e-08)  0 (  0.0%) |
[  3.9e-08:  4.3e-08)  7 ( 18.9%) |*******************

Final critical path delay (least slack): 61.7742 ns, Fmax: 16.188 MHz
Final setup Worst Negative Slack (sWNS): -61.7742 ns
Final setup Total Negative Slack (sTNS): -2111.33 ns

Final setup slack histogram:
[ -6.2e-08: -6.1e-08) 2 (  5.4%) |**************
[ -6.1e-08:   -6e-08) 1 (  2.7%) |*******
[   -6e-08: -5.9e-08) 0 (  0.0%) |
[ -5.9e-08: -5.9e-08) 7 ( 18.9%) |*************************************************
[ -5.9e-08: -5.8e-08) 4 ( 10.8%) |****************************
[ -5.8e-08: -5.7e-08) 1 (  2.7%) |*******
[ -5.7e-08: -5.6e-08) 7 ( 18.9%) |*************************************************
[ -5.6e-08: -5.5e-08) 7 ( 18.9%) |*************************************************
[ -5.5e-08: -5.5e-08) 6 ( 16.2%) |******************************************
[ -5.5e-08: -5.4e-08) 2 (  5.4%) |**************

Final geomean non-virtual intra-domain period: 61.7742 ns (16.188 MHz)
Final fanout-weighted geomean non-virtual intra-domain period: 61.7742 ns (16.188 MHz)

Incr Slack updates 1 in 3.009e-05 sec
Full Max Req/Worst Slack updates 1 in 4.29e-06 sec
Incr Max Req/Worst Slack updates 0 in 0 sec
Incr Criticality updates 0 in 0 sec
Full Criticality updates 1 in 4.7243e-05 sec
Flow timing analysis took 0.0142701 seconds (0.0122227 STA, 0.00204743 slack) (18 full updates: 0 setup, 0 hold, 18 combined).
VPR succeeded
The entire flow of VPR took 57.53 seconds (max_rss 405.5 MiB)
