VPR FPGA Placement and Routing.
Version: 8.1.0-dev+dadca7ecf
Revision: v8.0.0-rc2-2894-gdadca7ecf
Compiled: 2020-10-14T15:08:54
Compiler: GNU 7.3.0 on Linux-4.15.0-1028-gcp x86_64
Build Info: Release IPO VTR_ASSERT_LEVEL=2

University of Toronto
verilogtorouting.org
vtr-users@googlegroups.com
This is free open source code under MIT license.

VPR was run with the following command-line:
vpr /home/vedula/qorc-sdk/fpga_toolchain_install/v1.3.1/quicklogic-arch-defs/share/arch/ql-eos-s3_wlcsp/arch.timing.xml helloworldfpga.eblif --device ql-eos-s3 --max_router_iterations 500 --routing_failure_predictor off --router_high_fanout_threshold -1 --constant_net_method route --route_chan_width 100 --clock_modeling route --place_delay_model delta_override --router_lookahead map --check_route quick --strict_checks off --allow_dangling_combinational_nodes on --disable_errors check_unbuffered_edges:check_route --congested_routing_iteration_threshold 0.8 --incremental_reroute_delay_ripup off --base_cost_type delay_normalized_length_bounded --bb_factor 10 --initial_pres_fac 4.0 --check_rr_graph off --suppress_warnings ,sum_pin_class:check_unbuffered_edges:load_rr_indexed_data_T_values:check_rr_node:trans_per_R:check_route:set_rr_graph_tool_comment:warn_model_missing_timing --read_rr_graph /home/vedula/qorc-sdk/fpga_toolchain_install/v1.3.1/quicklogic-arch-defs/share/arch/ql-eos-s3_wlcsp/rr_graph_ql-eos-s3_wlcsp.rr_graph.real.bin --read_placement_delay_lookup /home/vedula/qorc-sdk/fpga_toolchain_install/v1.3.1/quicklogic-arch-defs/share/arch/ql-eos-s3_wlcsp/rr_graph_ql-eos-s3_wlcsp.place_delay.bin --sdc_file /home/vedula/qorc-sdk/fpga-examples/decadecounter/build/helloworldfpga_dummy.sdc --fix_clusters helloworldfpga_constraints.place --place

Using up to 1 parallel worker(s)

Architecture file: /home/vedula/qorc-sdk/fpga_toolchain_install/v1.3.1/quicklogic-arch-defs/share/arch/ql-eos-s3_wlcsp/arch.timing.xml
Circuit name: helloworldfpga

# Loading Architecture Description
# Loading Architecture Description took 0.40 seconds (max_rss 31.0 MiB, delta_rss +24.9 MiB)
# Building complex block graph
# Building complex block graph took 0.10 seconds (max_rss 39.8 MiB, delta_rss +8.8 MiB)
# Load circuit
# Load circuit took 0.01 seconds (max_rss 41.4 MiB, delta_rss +1.6 MiB)
# Clean circuit
Absorbed 1132 LUT buffers
Inferred  106 additional primitive pins as constant generators since they have no combinationally connected inputs
Inferred   43 additional primitive pins as constant generators due to constant inputs
Inferred    0 additional primitive pins as constant generators since they have no combinationally connected inputs
Inferred    0 additional primitive pins as constant generators due to constant inputs
Inferred    0 additional primitive pins as constant generators since they have no combinationally connected inputs
Inferred    0 additional primitive pins as constant generators due to constant inputs
Swept input(s)      : 0
Swept output(s)     : 0 (0 dangling, 0 constant)
Swept net(s)        : 141
Swept block(s)      : 1
Constant Pins Marked: 149
# Clean circuit took 0.01 seconds (max_rss 43.3 MiB, delta_rss +1.9 MiB)
# Compress circuit
# Compress circuit took 0.00 seconds (max_rss 43.3 MiB, delta_rss +0.0 MiB)
# Verify circuit
# Verify circuit took 0.00 seconds (max_rss 43.3 MiB, delta_rss +0.0 MiB)
Circuit Statistics:
  Blocks: 156
    .output   :       7
    ASSP      :       1
    BIDIR_CELL:       7
    C_FRAG    :      17
    GND       :       1
    Q_FRAG    :      35
    T_FRAG    :      87
    VCC       :       1
  Nets  : 149
    Avg Fanout:     8.5
    Max Fanout:   526.0
    Min Fanout:     1.0
  Netlist Clocks: 1
# Build Timing Graph
  Timing Graph Nodes: 1413
  Timing Graph Edges: 2283
  Timing Graph Levels: 26
# Build Timing Graph took 0.00 seconds (max_rss 43.3 MiB, delta_rss +0.0 MiB)
Netlist contains 1 clocks
  Netlist Clock 'clk' Fanout: 35 pins (2.5%), 35 blocks (22.4%)
# Load Timing Constraints

SDC file '/home/vedula/qorc-sdk/fpga-examples/decadecounter/build/helloworldfpga_dummy.sdc' contained no SDC commands
Setting default timing constraints:
   * constrain all primay inputs and primary outputs on netlist clock 'clk'
   * optimize netlist clock to run as fast as possible
Timing constraints created 1 clocks
  Constrained Clock 'clk' Source: 'u_qlal4s3b_cell_macro.Sys_Clk0[0]'

# Load Timing Constraints took 0.00 seconds (max_rss 43.3 MiB, delta_rss +0.0 MiB)
Timing analysis: ON
Circuit netlist file: helloworldfpga.net
Circuit placement file: helloworldfpga.place
Circuit routing file: helloworldfpga.route
Circuit SDC file: /home/vedula/qorc-sdk/fpga-examples/decadecounter/build/helloworldfpga_dummy.sdc

Packer: ENABLED
Placer: ENABLED
Router: DISABLED
Analysis: DISABLED

NetlistOpts.abosrb_buffer_luts            : true
NetlistOpts.sweep_dangling_primary_ios    : true
NetlistOpts.sweep_dangling_nets           : true
NetlistOpts.sweep_dangling_blocks         : true
NetlistOpts.sweep_constant_primary_outputs: false
NetlistOpts.netlist_verbosity             : 1
NetlistOpts.const_gen_inference           : COMB_SEQ

PackerOpts.allow_unrelated_clustering: auto
PackerOpts.alpha_clustering: 0.750000
PackerOpts.beta_clustering: 0.900000
PackerOpts.cluster_seed_type: BLEND2
PackerOpts.connection_driven: true
PackerOpts.global_clocks: true
PackerOpts.hill_climbing_flag: false
PackerOpts.inter_cluster_net_delay: 1.000000
PackerOpts.timing_driven: true
PackerOpts.target_external_pin_util: auto

PlacerOpts.place_freq: PLACE_ONCE
PlacerOpts.place_algorithm: CRITICALITY_TIMING_PLACE
PlacerOpts.pad_loc_type: FREE
PlacerOpts.constraints_file: Using constraints file 'helloworldfpga_constraints.place'
PlacerOpts.place_cost_exp: 1.000000
PlacerOpts.place_chan_width: 100
PlacerOpts.inner_loop_recompute_divider: 0
PlacerOpts.recompute_crit_iter: 1
PlacerOpts.timing_tradeoff: 0.500000
PlacerOpts.td_place_exp_first: 1.000000
PlacerOpts.td_place_exp_last: 8.000000
PlacerOpts.delay_offset: 0.000000
PlacerOpts.delay_ramp_delta_threshold: -1
PlacerOpts.delay_ramp_slope: 0.000000
PlacerOpts.tsu_rel_margin: 1.000000
PlacerOpts.tsu_abs_margin: 0.000000
PlacerOpts.post_place_timing_report_file: 
PlacerOpts.allowed_tiles_for_delay_model: 
PlacerOpts.delay_model_reducer: MIN
PlacerOpts.delay_model_type: DELTA_OVERRIDE
PlacerOpts.rlim_escape_fraction: 0.000000
PlacerOpts.move_stats_file: 
PlacerOpts.placement_saves_per_temperature: 0
PlacerOpts.effort_scaling: CIRCUIT
PlacerOpts.place_delta_delay_matrix_calculation_method: ASTAR_ROUTE
PlaceOpts.seed: 1
AnnealSched.type: AUTO_SCHED
AnnealSched.inner_num: 1.000000

RoutingArch.directionality: BI_DIRECTIONAL
RoutingArch.switch_block_type: WILTON
RoutingArch.Fs: 3

# Load Packing
Begin loading packed FPGA netlist file.
Netlist generated from file 'helloworldfpga.net'.
Detected 2 constant generators (to see names run with higher pack verbosity)
Finished loading packed FPGA netlist file (took 0.03563 seconds).
# Load Packing took 0.04 seconds (max_rss 45.1 MiB, delta_rss +1.7 MiB)
Warning 1: Netlist contains 0 global net to non-global architecture pin connections
Warning 2: Logic block #69 ($false) has only 1 output pin '$false.GND0_GND[0]'. It may be a constant generator.
Warning 3: Logic block #70 ($true) has only 1 output pin '$true.VCC0_VCC[0]'. It may be a constant generator.

Netlist num_nets: 113
Netlist num_blocks: 71
Netlist EMPTY blocks: 0.
Netlist PB-SYN_GND blocks: 1.
Netlist PB-BIDIR blocks: 7.
Netlist PB-ASSP blocks: 1.
Netlist PB-LOGIC blocks: 61.
Netlist PB-SDIOMUX blocks: 0.
Netlist PB-MULT blocks: 0.
Netlist PB-GMUX blocks: 0.
Netlist PB-CLOCK blocks: 0.
Netlist PB-RAM blocks: 0.
Netlist PB-SYN_VCC blocks: 1.
Netlist inputs pins: 0
Netlist output pins: 21


Pb types usage...
  PB-SYN_GND        : 1
   GND              : 1
  PB-BIDIR          : 7
   BIDIR            : 7
    OUTPUT          : 7
     bidir          : 7
     outpad         : 7
  PB-ASSP           : 1
   ASSP             : 1
  PB-LOGIC          : 61
   LOGIC            : 61
    FRAGS           : 61
     c_frag_modes   : 61
      SINGLE        : 17
       c_frag       : 17
      SPLIT         : 44
       b_frag       : 44
       t_frag       : 43
     q_frag_modes   : 35
      INT           : 29
       q_frag       : 29
      EXT           : 6
       q_frag       : 6
  PB-SYN_VCC        : 1
   VCC              : 1

# Create Device
## Build Device Grid
FPGA sized to 39 x 35: 1365 grid tiles (ql-eos-s3)

Resource usage...
	Netlist
		1	blocks of type: PB-SYN_GND
	Architecture
		1	blocks of type: TL-SYN_GND
	Netlist
		7	blocks of type: PB-BIDIR
	Architecture
		32	blocks of type: TL-BIDIR
	Netlist
		1	blocks of type: PB-ASSP
	Architecture
		1	blocks of type: TL-ASSP
	Netlist
		61	blocks of type: PB-LOGIC
	Architecture
		891	blocks of type: TL-LOGIC
	Netlist
		0	blocks of type: PB-SDIOMUX
	Architecture
		14	blocks of type: TL-SDIOMUX
	Netlist
		0	blocks of type: PB-MULT
	Architecture
		2	blocks of type: TL-MULT
	Netlist
		0	blocks of type: PB-GMUX
	Architecture
		5	blocks of type: TL-GMUX
	Netlist
		0	blocks of type: PB-CLOCK
	Architecture
		5	blocks of type: TL-CLOCK
	Netlist
		0	blocks of type: PB-RAM
	Architecture
		4	blocks of type: TL-RAM
	Netlist
		1	blocks of type: PB-SYN_VCC
	Architecture
		1	blocks of type: TL-SYN_VCC

Device Utilization: 0.05 (target 1.00)
	Physical Tile TL-LOGIC:
	Block Utilization: 0.07 Logical Block: PB-LOGIC
	Physical Tile TL-RAM:
	Block Utilization: 0.00 Logical Block: PB-RAM
	Physical Tile TL-MULT:
	Block Utilization: 0.00 Logical Block: PB-MULT
	Physical Tile TL-BIDIR:
	Block Utilization: 0.22 Logical Block: PB-BIDIR
	Physical Tile TL-CLOCK:
	Block Utilization: 0.00 Logical Block: PB-CLOCK
	Physical Tile TL-SDIOMUX:
	Block Utilization: 0.00 Logical Block: PB-SDIOMUX
	Physical Tile TL-GMUX:
	Block Utilization: 0.00 Logical Block: PB-GMUX
	Physical Tile TL-ASSP:
	Block Utilization: 1.00 Logical Block: PB-ASSP
	Physical Tile TL-SYN_VCC:
	Block Utilization: 1.00 Logical Block: PB-SYN_VCC
	Physical Tile TL-SYN_GND:
	Block Utilization: 1.00 Logical Block: PB-SYN_GND

## Build Device Grid took 0.01 seconds (max_rss 45.3 MiB, delta_rss +0.0 MiB)
## Loading routing resource graph


## Loading routing resource graph took 0.57 seconds (max_rss 352.8 MiB, delta_rss +307.5 MiB)
  RR Graph Nodes: 1396446
  RR Graph Edges: 2337988
# Create Device took 1.51 seconds (max_rss 357.5 MiB, delta_rss +312.2 MiB)

# Computing router lookahead map
## Computing wire lookahead
Warning 4: Unable to find any sample location for segment CHANX type 'generic' (length 1)
Warning 5: Unable to find any sample location for segment CHANY type 'generic' (length 1)
Warning 6: Unable to find any sample location for segment CHANX type 'pad' (length 1)
Warning 7: Unable to find any sample location for segment CHANY type 'pad' (length 1)
## Computing wire lookahead took 21.70 seconds (max_rss 357.5 MiB, delta_rss +0.0 MiB)
## Computing src/opin lookahead
## Computing src/opin lookahead took 0.00 seconds (max_rss 357.5 MiB, delta_rss +0.0 MiB)
# Computing router lookahead map took 21.71 seconds (max_rss 357.5 MiB, delta_rss +0.0 MiB)
# Placement
## Computing placement delta delay look-up
  RR Graph Nodes: 1396446
  RR Graph Edges: 2337988
## Computing placement delta delay look-up took 0.62 seconds (max_rss 405.6 MiB, delta_rss +48.2 MiB)
Warning 8: CHANX place cost fac is 0 at 2 2
Warning 9: CHANX place cost fac is 0 at 34 34
Warning 10: CHANY place cost fac is 0 at 38 38
## Initial Placement
Reading helloworldfpga_constraints.place.

Successfully read helloworldfpga_constraints.place.

## Initial Placement took 0.00 seconds (max_rss 405.6 MiB, delta_rss +0.0 MiB)

There are 1185 point to point connections in this circuit.


BB estimate of min-dist (placement) wire length: 5232

Completed placement consistency check successfully.
Initial placement cost: 1 bb_cost: 7.77433 td_cost: 2.06442e-06
Initial placement estimated Critical Path Delay (CPD): 112.279 ns
Initial placement estimated setup Total Negative Slack (sTNS): -3549.88 ns
Initial placement estimated setup Worst Negative Slack (sWNS): -112.279 ns

Initial placement estimated setup slack histogram:
[ -1.1e-07: -1.1e-07)  3 (  8.1%) |************
[ -1.1e-07: -1.1e-07)  2 (  5.4%) |********
[ -1.1e-07:   -1e-07)  0 (  0.0%) |
[   -1e-07: -9.9e-08)  4 ( 10.8%) |****************
[ -9.9e-08: -9.5e-08)  9 ( 24.3%) |************************************
[ -9.5e-08: -9.2e-08) 12 ( 32.4%) |************************************************
[ -9.2e-08: -8.8e-08)  3 (  8.1%) |************
[ -8.8e-08: -8.5e-08)  2 (  5.4%) |********
[ -8.5e-08: -8.2e-08)  0 (  0.0%) |
[ -8.2e-08: -7.8e-08)  2 (  5.4%) |********
Placement contains 0 placement macros involving 0 blocks (average macro size -nan)

Moves per temperature: 293
Warning 11: Starting t: 70 of 71 configurations accepted.

---- ------ ------- ------- ---------- ---------- ------- ---------- -------- ------- ------- ------ -------- --------- ------
Tnum   Time       T Av Cost Av BB Cost Av TD Cost     CPD       sTNS     sWNS Ac Rate Std Dev  R lim Crit Exp Tot Moves  Alpha
      (sec)                                          (ns)       (ns)     (ns)                                                 
---- ------ ------- ------- ---------- ---------- ------- ---------- -------- ------- ------- ------ -------- --------- ------
   1    0.0 3.3e-01   0.979       7.78 2.1137e-06 117.741  -3.73e+03 -117.741   0.945  0.0161   38.0     1.00       293  0.200
   2    0.0 3.0e-01   1.027       8.05 2.1043e-06 122.932   -3.9e+03 -122.932   0.959  0.0265   38.0     1.00       586  0.900
   3    0.0 2.7e-01   0.996       7.64 2.0247e-06 114.134  -3.59e+03 -114.134   0.942  0.0185   38.0     1.00       879  0.900
   4    0.0 2.4e-01   1.023       7.86 2.0734e-06 111.891  -3.63e+03 -111.891   0.952  0.0287   38.0     1.00      1172  0.900
   5    0.0 2.2e-01   0.991       7.94 2.0385e-06 125.943     -4e+03 -125.943   0.939  0.0230   38.0     1.00      1465  0.900
   6    0.0 1.9e-01   0.977       7.74 2.1267e-06 115.958  -3.75e+03 -115.958   0.952  0.0205   38.0     1.00      1758  0.900
   7    0.0 1.7e-01   1.000       7.78 1.9947e-06 125.441  -3.85e+03 -125.441   0.928  0.0345   38.0     1.00      2051  0.900
   8    0.0 1.6e-01   0.970       7.91 2.0933e-06 127.710  -3.95e+03 -127.710   0.952  0.0243   38.0     1.00      2344  0.900
   9    0.0 1.4e-01   1.003       7.60 1.9851e-06 116.111  -3.77e+03 -116.111   0.959  0.0219   38.0     1.00      2637  0.900
  10    0.0 1.3e-01   0.958       7.75 1.9824e-06 132.542  -4.12e+03 -132.542   0.939  0.0224   38.0     1.00      2930  0.900
  11    0.0 1.1e-01   1.005       7.76 2.1144e-06 110.496  -3.63e+03 -110.496   0.915  0.0322   38.0     1.00      3223  0.900
  12    0.0 1.0e-01   0.994       7.81 2.1508e-06 111.524  -3.53e+03 -111.524   0.884  0.0253   38.0     1.00      3516  0.900
  13    0.0 9.3e-02   1.098       7.91 2.1302e-06 104.131  -3.33e+03 -104.131   0.935  0.0358   38.0     1.00      3809  0.900
  14    0.0 8.4e-02   1.013       7.89 1.9764e-06 131.347  -4.05e+03 -131.347   0.945  0.0327   38.0     1.00      4102  0.900
  15    0.0 7.5e-02   1.075       7.67 2.1446e-06 111.870  -3.56e+03 -111.870   0.918  0.0330   38.0     1.00      4395  0.900
  16    0.0 6.8e-02   0.999       7.91 2.1267e-06 112.381  -3.62e+03 -112.381   0.945  0.0320   38.0     1.00      4688  0.900
  17    0.0 6.1e-02   1.034       7.61 1.9776e-06 118.498  -3.65e+03 -118.498   0.908  0.0317   38.0     1.00      4981  0.900
  18    0.0 5.5e-02   0.932       7.59 2.0881e-06 120.035  -3.61e+03 -120.035   0.932  0.0279   38.0     1.00      5274  0.900
  19    0.0 4.9e-02   0.981       7.70 2.0096e-06 115.665  -3.65e+03 -115.665   0.925  0.0197   38.0     1.00      5567  0.900
  20    0.0 4.4e-02   0.988       7.86 2.0863e-06 113.612  -3.63e+03 -113.612   0.898  0.0241   38.0     1.00      5860  0.900
  21    0.0 4.0e-02   0.997       7.63 2.0171e-06 118.240  -3.69e+03 -118.240   0.863  0.0223   38.0     1.00      6153  0.900
  22    0.0 3.6e-02   1.034       7.76 2.0129e-06 114.046   -3.6e+03 -114.046   0.894  0.0307   38.0     1.00      6446  0.900
  23    0.0 3.2e-02   0.958       7.63 2.0247e-06 116.642  -3.72e+03 -116.642   0.874  0.0191   38.0     1.00      6739  0.900
  24    0.0 2.9e-02   0.995       7.68 2.0435e-06 114.283  -3.63e+03 -114.283   0.823  0.0201   38.0     1.00      7032  0.900
  25    0.0 2.6e-02   0.944       7.57 2.0194e-06 113.702  -3.76e+03 -113.702   0.884  0.0353   38.0     1.00      7325  0.900
  26    0.0 2.4e-02   0.985       7.34 1.9428e-06 111.247  -3.56e+03 -111.247   0.850  0.0232   38.0     1.00      7618  0.900
  27    0.0 2.1e-02   1.004       7.24 1.9736e-06 112.432  -3.69e+03 -112.432   0.833  0.0198   38.0     1.00      7911  0.900
  28    0.0 1.9e-02   1.041       7.69 1.9864e-06 117.046  -3.65e+03 -117.046   0.816  0.0333   38.0     1.00      8204  0.900
  29    0.0 1.7e-02   0.913       7.44 1.8394e-06 133.805  -4.12e+03 -133.805   0.857  0.0231   38.0     1.00      8497  0.900
  30    0.0 1.5e-02   0.993       7.38 1.8738e-06 115.027  -3.66e+03 -115.027   0.792  0.0221   38.0     1.00      8790  0.900
  31    0.0 1.5e-02   1.015       7.24 1.9038e-06 109.043  -3.48e+03 -109.043   0.758  0.0249   38.0     1.00      9083  0.950
  32    0.0 1.4e-02   0.995       7.30 1.9805e-06 108.922  -3.35e+03 -108.922   0.809  0.0180   38.0     1.00      9376  0.950
  33    0.0 1.3e-02   0.954       7.09 1.8715e-06 109.289  -3.44e+03 -109.289   0.706  0.0241   38.0     1.00      9669  0.900
  34    0.0 1.2e-02   0.973       7.08 1.9084e-06 108.841  -3.54e+03 -108.841   0.730  0.0272   38.0     1.00      9962  0.950
  35    0.0 1.1e-02   1.005       7.07 1.9541e-06  99.411  -3.19e+03  -99.411   0.700  0.0390   38.0     1.00     10255  0.950
  36    0.0 1.1e-02   0.938       6.93 1.8381e-06 117.948  -3.68e+03 -117.948   0.703  0.0300   38.0     1.00     10548  0.950
  37    0.0 1.0e-02   1.006       6.79 1.8141e-06 106.792  -3.29e+03 -106.792   0.628  0.0171   38.0     1.00     10841  0.950
  38    0.0 9.7e-03   1.008       7.07 1.8522e-06 106.323  -3.29e+03 -106.323   0.683  0.0354   38.0     1.00     11134  0.950
  39    0.0 9.2e-03   0.927       6.93 1.8426e-06 113.658  -3.51e+03 -113.658   0.652  0.0419   38.0     1.00     11427  0.950
  40    0.0 8.8e-03   1.004       6.88 1.8929e-06 108.676  -3.46e+03 -108.676   0.672  0.0162   38.0     1.00     11720  0.950
  41    0.0 8.3e-03   0.956       6.87 1.8342e-06 111.116   -3.4e+03 -111.116   0.635  0.0237   38.0     1.00     12013  0.950
  42    0.0 7.9e-03   1.000       6.78 1.8304e-06 102.277  -3.25e+03 -102.277   0.601  0.0377   38.0     1.00     12306  0.950
  43    0.0 7.5e-03   1.024       6.34 1.775e-06   97.368  -3.19e+03  -97.368   0.546  0.0224   38.0     1.00     12599  0.950
  44    0.0 7.2e-03   0.994       6.48 1.7114e-06  96.715  -3.17e+03  -96.715   0.529  0.0152   38.0     1.00     12892  0.950
  45    0.0 6.8e-03   0.998       6.22 1.843e-06   86.982  -2.83e+03  -86.982   0.546  0.0251   38.0     1.00     13185  0.950
  46    0.0 6.5e-03   1.017       6.51 1.7287e-06 101.298  -3.17e+03 -101.298   0.519  0.0155   38.0     1.00     13478  0.950
  47    0.0 6.1e-03   0.974       6.14 1.7491e-06  96.295  -3.18e+03  -96.295   0.457  0.0280   38.0     1.00     13771  0.950
  48    0.0 5.8e-03   0.994       5.62 1.5904e-06  98.256  -3.21e+03  -98.256   0.427  0.0218   38.0     1.00     14064  0.950
  49    0.0 5.5e-03   0.991       5.37 1.5441e-06  93.547  -2.99e+03  -93.547   0.392  0.0156   37.5     1.10     14357  0.950
  50    0.0 5.3e-03   1.026       5.31 1.3534e-06  97.275  -2.96e+03  -97.275   0.386  0.0133   35.7     1.43     14650  0.950
  51    0.0 5.0e-03   0.993       5.30 1.1027e-06 101.469  -3.13e+03 -101.469   0.273  0.0134   33.8     1.80     14943  0.950
  52    0.0 4.7e-03   1.004       5.51 9.7095e-07  92.649  -2.86e+03  -92.649   0.345  0.0100   28.1     2.87     15236  0.950
  53    0.0 4.5e-03   0.975       5.26 7.8128e-07  98.338  -3.13e+03  -98.338   0.317  0.0173   25.5     3.37     15529  0.950
  54    0.0 4.3e-03   0.986       5.11 7.2635e-07  93.584  -3.01e+03  -93.584   0.239  0.0249   22.3     3.96     15822  0.950
  55    0.0 4.1e-03   0.967       4.82 7.1175e-07  80.988  -2.66e+03  -80.988   0.287  0.0112   17.8     4.81     16115  0.950
  56    0.0 3.9e-03   0.994       4.75 8.0367e-07  71.156  -2.37e+03  -71.156   0.324  0.0224   15.1     5.33     16408  0.950
  57    0.0 3.7e-03   1.008       4.52 6.5181e-07  75.429  -2.55e+03  -75.429   0.338  0.0145   13.4     5.66     16701  0.950
  58    0.0 3.5e-03   0.987       4.67 7.0513e-07  74.117  -2.46e+03  -74.117   0.348  0.0194   12.0     5.92     16994  0.950
  59    0.0 3.3e-03   0.991       4.46 5.5307e-07  79.397   -2.6e+03  -79.397   0.334  0.0160   10.9     6.13     17287  0.950
  60    0.0 3.1e-03   0.986       4.39 6.0366e-07  73.953  -2.43e+03  -73.953   0.321  0.0166    9.7     6.35     17580  0.950
  61    0.0 3.0e-03   0.972       4.41 6.4521e-07  66.567  -2.21e+03  -66.567   0.338  0.0120    8.6     6.57     17873  0.950
  62    0.0 2.8e-03   0.976       4.27 5.5162e-07  71.494  -2.33e+03  -71.494   0.287  0.0144    7.7     6.73     18166  0.950
  63    0.0 2.7e-03   1.026       4.38 5.7935e-07  70.939  -2.33e+03  -70.939   0.358  0.0093    6.5     6.96     18459  0.950
  64    0.0 2.6e-03   0.969       4.30 5.4075e-07  76.974  -2.54e+03  -76.974   0.430  0.0297    6.0     7.06     18752  0.950
  65    0.0 2.4e-03   0.975       4.03 5.5174e-07  70.163  -2.32e+03  -70.163   0.338  0.0130    5.9     7.07     19045  0.950
  66    0.0 2.3e-03   0.992       3.91 4.8704e-07  70.923  -2.36e+03  -70.923   0.324  0.0116    5.3     7.18     19338  0.950
  67    0.0 2.2e-03   0.973       3.71 4.8736e-07  72.121   -2.4e+03  -72.121   0.314  0.0185    4.7     7.30     19631  0.950
  68    0.0 2.1e-03   1.007       3.68 5.2169e-07  66.800  -2.24e+03  -66.800   0.307  0.0053    4.1     7.41     19924  0.950
  69    0.0 2.0e-03   1.008       3.75 5.6022e-07  63.462  -2.16e+03  -63.462   0.461  0.0059    3.6     7.51     20217  0.950
  70    0.0 1.9e-03   0.996       3.69 5.7202e-07  63.612  -2.14e+03  -63.612   0.413  0.0055    3.6     7.50     20510  0.950
  71    0.0 1.8e-03   0.987       3.58 5.5765e-07  62.690   -2.1e+03  -62.690   0.355  0.0089    3.5     7.52     20803  0.950
  72    0.0 1.7e-03   0.990       3.50 5.7024e-07  63.620  -2.18e+03  -63.620   0.328  0.0059    3.2     7.58     21096  0.950
  73    0.0 1.6e-03   0.976       3.51 4.4315e-07  69.707   -2.3e+03  -69.707   0.389  0.0102    2.9     7.64     21389  0.950
  74    0.0 1.5e-03   0.997       3.50 4.6189e-07  63.597  -2.02e+03  -63.597   0.386  0.0089    2.7     7.67     21682  0.950
  75    0.0 1.5e-03   0.988       3.54 4.7177e-07  68.072  -2.23e+03  -68.072   0.464  0.0104    2.6     7.70     21975  0.950
  76    0.0 1.4e-03   0.993       3.45 4.6672e-07  64.598   -2.1e+03  -64.598   0.372  0.0043    2.6     7.69     22268  0.950
  77    0.0 1.3e-03   0.972       3.40 5.289e-07   61.078  -2.07e+03  -61.078   0.348  0.0125    2.5     7.72     22561  0.950
  78    0.0 1.3e-03   0.970       3.22 5.1318e-07  61.156  -2.12e+03  -61.156   0.294  0.0115    2.2     7.77     22854  0.950
  79    0.0 1.2e-03   0.999       3.17 4.9988e-07  59.790  -2.03e+03  -59.790   0.420  0.0051    1.9     7.83     23147  0.950
  80    0.0 1.1e-03   0.998       3.16 4.4754e-07  62.387  -2.06e+03  -62.387   0.386  0.0049    1.9     7.83     23440  0.950
  81    0.0 1.1e-03   0.989       3.10 4.873e-07   60.328  -2.03e+03  -60.328   0.294  0.0078    1.8     7.85     23733  0.950
  82    0.0 1.0e-03   0.996       3.06 4.6503e-07  59.206  -1.96e+03  -59.206   0.328  0.0049    1.5     7.90     24026  0.950
  83    0.0 9.7e-04   0.993       3.04 4.6209e-07  60.569  -2.03e+03  -60.569   0.229  0.0035    1.3     7.94     24319  0.950
  84    0.0 9.2e-04   0.998       3.06 4.4149e-07  59.480  -1.98e+03  -59.480   0.246  0.0026    1.1     7.99     24612  0.950
  85    0.0 8.7e-04   0.999       3.03 4.8543e-07  59.301  -2.01e+03  -59.301   0.256  0.0059    1.0     8.00     24905  0.950
  86    0.0 8.3e-04   0.987       2.96 4.226e-07   60.111     -2e+03  -60.111   0.249  0.0037    1.0     8.00     25198  0.950
  87    0.0 7.9e-04   0.990       2.95 4.4795e-07  58.995  -1.96e+03  -58.995   0.195  0.0055    1.0     8.00     25491  0.950
  88    0.0 7.5e-04   0.995       2.94 4.1905e-07  60.176  -1.96e+03  -60.176   0.143  0.0018    1.0     8.00     25784  0.950
  89    0.0 6.0e-04   0.995       2.92 4.0149e-07  61.312     -2e+03  -61.312   0.157  0.0038    1.0     8.00     26077  0.800
  90    0.0 5.7e-04   0.999       2.90 3.7506e-07  61.871  -2.03e+03  -61.871   0.133  0.0013    1.0     8.00     26370  0.950
  91    0.0 4.6e-04   0.994       2.89 4.1699e-07  59.947  -2.01e+03  -59.947   0.123  0.0025    1.0     8.00     26663  0.800
  92    0.0 3.6e-04   0.993       2.87 4.3245e-07  59.671  -2.03e+03  -59.671   0.055  0.0046    1.0     8.00     26956  0.800
  93    0.0 2.9e-04   0.998       2.85 4.2842e-07  58.206  -1.97e+03  -58.206   0.061  0.0016    1.0     8.00     27249  0.800
  94    0.0 2.3e-04   0.999       2.84 4.2132e-07  58.641  -1.98e+03  -58.641   0.044  0.0011    1.0     8.00     27542  0.800
  95    0.0 1.9e-04   0.997       2.83 4.4342e-07  57.636  -1.96e+03  -57.636   0.031  0.0011    1.0     8.00     27835  0.800
  96    0.0 1.5e-04   1.000       2.83 4.288e-07   57.561  -1.94e+03  -57.561   0.034  0.0004    1.0     8.00     28128  0.800
  97    0.0 1.2e-04   1.000       2.83 4.3458e-07  57.296  -1.93e+03  -57.296   0.017  0.0005    1.0     8.00     28421  0.800
  98    0.0 9.5e-05   0.998       2.83 4.3292e-07  57.296  -1.93e+03  -57.296   0.038  0.0011    1.0     8.00     28714  0.800
  99    0.0 7.6e-05   1.000       2.83 4.4447e-07  56.502  -1.91e+03  -56.502   0.010  0.0001    1.0     8.00     29007  0.800
 100    0.0 6.1e-05   1.000       2.83 4.4328e-07  56.502  -1.91e+03  -56.502   0.014  0.0004    1.0     8.00     29300  0.800
 101    0.0 4.9e-05   0.999       2.83 4.5013e-07  56.197  -1.91e+03  -56.197   0.017  0.0006    1.0     8.00     29593  0.800
 102    0.0 0.0e+00   1.000       2.82 4.4312e-07  56.197   -1.9e+03  -56.197   0.000  0.0000    1.0     8.00     29886  0.800
## Placement Quench took 0.00 seconds (max_rss 405.6 MiB)

BB estimate of min-dist (placement) wire length: 1814

Completed placement consistency check successfully.

Swaps called: 29957

Aborted Move Reasons:
  No moves aborted

Placement estimated critical path delay (least slack): 56.197 ns, Fmax: 17.7945 MHz
Placement estimated setup Worst Negative Slack (sWNS): -56.197 ns
Placement estimated setup Total Negative Slack (sTNS): -1901.2 ns

Placement estimated setup slack histogram:
[ -5.6e-08: -5.5e-08)  2 (  5.4%) |*******
[ -5.5e-08: -5.5e-08)  1 (  2.7%) |****
[ -5.5e-08: -5.4e-08)  3 (  8.1%) |***********
[ -5.4e-08: -5.3e-08)  1 (  2.7%) |****
[ -5.3e-08: -5.2e-08)  4 ( 10.8%) |***************
[ -5.2e-08: -5.2e-08)  1 (  2.7%) |****
[ -5.2e-08: -5.1e-08)  4 ( 10.8%) |***************
[ -5.1e-08:   -5e-08) 13 ( 35.1%) |************************************************
[   -5e-08: -4.9e-08)  3 (  8.1%) |***********
[ -4.9e-08: -4.9e-08)  5 ( 13.5%) |******************

Placement estimated geomean non-virtual intra-domain period: 56.197 ns (17.7945 MHz)
Placement estimated fanout-weighted geomean non-virtual intra-domain period: 56.197 ns (17.7945 MHz)

Placement cost: 1, bb_cost: 2.82151, td_cost: 4.4312e-07, 

Placement resource usage:
  PB-SYN_GND implemented as TL-SYN_GND: 1
  PB-BIDIR   implemented as TL-BIDIR  : 7
  PB-ASSP    implemented as TL-ASSP   : 1
  PB-LOGIC   implemented as TL-LOGIC  : 61
  PB-SYN_VCC implemented as TL-SYN_VCC: 1

Placement number of temperatures: 102
Placement total # of swap attempts: 29957
	Swaps accepted: 15407 (51.4 %)
	Swaps rejected: 13159 (43.9 %)
	Swaps aborted :  1391 ( 4.6 %)
Placement Quench timing analysis took 0.000295628 seconds (0.000237513 STA, 5.8115e-05 slack) (1 full updates: 1 setup, 0 hold, 0 combined).
Placement Total  timing analysis took 0.0328831 seconds (0.0260537 STA, 0.00682943 slack) (104 full updates: 104 setup, 0 hold, 0 combined).
update_td_costs: connections 0 nets 0 sum_nets 0 total 0
Incr Slack updates 104 in 0.00239789 sec
Full Max Req/Worst Slack updates 89 in 0.000254842 sec
Incr Max Req/Worst Slack updates 15 in 4.5928e-05 sec
Incr Criticality updates 4 in 9.6261e-05 sec
Full Criticality updates 100 in 0.00354991 sec
# Placement took 0.74 seconds (max_rss 405.6 MiB, delta_rss +48.2 MiB)

Flow timing analysis took 0.0328831 seconds (0.0260537 STA, 0.00682943 slack) (104 full updates: 104 setup, 0 hold, 0 combined).
VPR succeeded
The entire flow of VPR took 24.55 seconds (max_rss 405.6 MiB)
