VPR FPGA Placement and Routing.
Version: 8.1.0-dev+dadca7ecf
Revision: v8.0.0-rc2-2894-gdadca7ecf
Compiled: 2020-10-14T15:08:54
Compiler: GNU 7.3.0 on Linux-4.15.0-1028-gcp x86_64
Build Info: Release IPO VTR_ASSERT_LEVEL=2

University of Toronto
verilogtorouting.org
vtr-users@googlegroups.com
This is free open source code under MIT license.

VPR was run with the following command-line:
vpr /home/vedula/qorc-sdk/fpga_toolchain_install/v1.3.1/quicklogic-arch-defs/share/arch/ql-eos-s3_wlcsp/arch.timing.xml Assignment1.eblif --device ql-eos-s3 --max_router_iterations 500 --routing_failure_predictor off --router_high_fanout_threshold -1 --constant_net_method route --route_chan_width 100 --clock_modeling route --place_delay_model delta_override --router_lookahead map --check_route quick --strict_checks off --allow_dangling_combinational_nodes on --disable_errors check_unbuffered_edges:check_route --congested_routing_iteration_threshold 0.8 --incremental_reroute_delay_ripup off --base_cost_type delay_normalized_length_bounded --bb_factor 10 --initial_pres_fac 4.0 --check_rr_graph off --suppress_warnings ,sum_pin_class:check_unbuffered_edges:load_rr_indexed_data_T_values:check_rr_node:trans_per_R:check_route:set_rr_graph_tool_comment:warn_model_missing_timing --read_rr_graph /home/vedula/qorc-sdk/fpga_toolchain_install/v1.3.1/quicklogic-arch-defs/share/arch/ql-eos-s3_wlcsp/rr_graph_ql-eos-s3_wlcsp.rr_graph.real.bin --read_placement_delay_lookup /home/vedula/qorc-sdk/fpga_toolchain_install/v1.3.1/quicklogic-arch-defs/share/arch/ql-eos-s3_wlcsp/rr_graph_ql-eos-s3_wlcsp.place_delay.bin --sdc_file /home/vedula/qorc-sdk/fpga-examples/Ass1/build/Assignment1_dummy.sdc --route

Using up to 1 parallel worker(s)

Architecture file: /home/vedula/qorc-sdk/fpga_toolchain_install/v1.3.1/quicklogic-arch-defs/share/arch/ql-eos-s3_wlcsp/arch.timing.xml
Circuit name: Assignment1

# Loading Architecture Description
# Loading Architecture Description took 0.39 seconds (max_rss 31.1 MiB, delta_rss +25.0 MiB)
# Building complex block graph
# Building complex block graph took 0.08 seconds (max_rss 39.8 MiB, delta_rss +8.7 MiB)
# Load circuit
# Load circuit took 0.00 seconds (max_rss 39.8 MiB, delta_rss +0.0 MiB)
# Clean circuit
Absorbed 14 LUT buffers
Inferred    3 additional primitive pins as constant generators since they have no combinationally connected inputs
Inferred    0 additional primitive pins as constant generators due to constant inputs
Inferred    0 additional primitive pins as constant generators since they have no combinationally connected inputs
Inferred    0 additional primitive pins as constant generators due to constant inputs
Inferred    0 additional primitive pins as constant generators since they have no combinationally connected inputs
Inferred    0 additional primitive pins as constant generators due to constant inputs
Swept input(s)      : 0
Swept output(s)     : 0 (0 dangling, 0 constant)
Swept net(s)        : 1
Swept block(s)      : 1
Constant Pins Marked: 3
# Clean circuit took 0.00 seconds (max_rss 39.8 MiB, delta_rss +0.0 MiB)
# Compress circuit
# Compress circuit took 0.00 seconds (max_rss 39.8 MiB, delta_rss +0.0 MiB)
# Verify circuit
# Verify circuit took 0.00 seconds (max_rss 39.8 MiB, delta_rss +0.0 MiB)
Circuit Statistics:
  Blocks: 13
    .input      :       4
    .output     :       1
    BIDIR_CELL  :       3
    C_FRAG      :       1
    GND         :       1
    SDIOMUX_CELL:       2
    VCC         :       1
  Nets  : 12
    Avg Fanout:     2.4
    Max Fanout:     7.0
    Min Fanout:     1.0
  Netlist Clocks: 0
# Build Timing Graph
  Timing Graph Nodes: 41
  Timing Graph Edges: 52
  Timing Graph Levels: 8
# Build Timing Graph took 0.00 seconds (max_rss 39.8 MiB, delta_rss +0.0 MiB)
Netlist contains 0 clocks
# Load Timing Constraints

SDC file '/home/vedula/qorc-sdk/fpga-examples/Ass1/build/Assignment1_dummy.sdc' contained no SDC commands
Setting default timing constraints:
   * constrain all primay inputs and primary outputs on a virtual external clock 'virtual_io_clock'
   * optimize virtual clock to run as fast as possible
Timing constraints created 1 clocks
  Constrained Clock 'virtual_io_clock' (Virtual Clock)

# Load Timing Constraints took 0.00 seconds (max_rss 39.8 MiB, delta_rss +0.0 MiB)
Timing analysis: ON
Circuit netlist file: Assignment1.net
Circuit placement file: Assignment1.place
Circuit routing file: Assignment1.route
Circuit SDC file: /home/vedula/qorc-sdk/fpga-examples/Ass1/build/Assignment1_dummy.sdc

Packer: ENABLED
Placer: ENABLED
Router: ENABLED
Analysis: ENABLED

NetlistOpts.abosrb_buffer_luts            : true
NetlistOpts.sweep_dangling_primary_ios    : true
NetlistOpts.sweep_dangling_nets           : true
NetlistOpts.sweep_dangling_blocks         : true
NetlistOpts.sweep_constant_primary_outputs: false
NetlistOpts.netlist_verbosity             : 1
NetlistOpts.const_gen_inference           : COMB_SEQ

PackerOpts.allow_unrelated_clustering: auto
PackerOpts.alpha_clustering: 0.750000
PackerOpts.beta_clustering: 0.900000
PackerOpts.cluster_seed_type: BLEND2
PackerOpts.connection_driven: true
PackerOpts.global_clocks: true
PackerOpts.hill_climbing_flag: false
PackerOpts.inter_cluster_net_delay: 1.000000
PackerOpts.timing_driven: true
PackerOpts.target_external_pin_util: auto

PlacerOpts.place_freq: PLACE_ONCE
PlacerOpts.place_algorithm: CRITICALITY_TIMING_PLACE
PlacerOpts.pad_loc_type: FREE
PlacerOpts.constraints_file: No constraints file given
PlacerOpts.place_cost_exp: 1.000000
PlacerOpts.place_chan_width: 100
PlacerOpts.inner_loop_recompute_divider: 0
PlacerOpts.recompute_crit_iter: 1
PlacerOpts.timing_tradeoff: 0.500000
PlacerOpts.td_place_exp_first: 1.000000
PlacerOpts.td_place_exp_last: 8.000000
PlacerOpts.delay_offset: 0.000000
PlacerOpts.delay_ramp_delta_threshold: -1
PlacerOpts.delay_ramp_slope: 0.000000
PlacerOpts.tsu_rel_margin: 1.000000
PlacerOpts.tsu_abs_margin: 0.000000
PlacerOpts.post_place_timing_report_file: 
PlacerOpts.allowed_tiles_for_delay_model: 
PlacerOpts.delay_model_reducer: MIN
PlacerOpts.delay_model_type: DELTA_OVERRIDE
PlacerOpts.rlim_escape_fraction: 0.000000
PlacerOpts.move_stats_file: 
PlacerOpts.placement_saves_per_temperature: 0
PlacerOpts.effort_scaling: CIRCUIT
PlacerOpts.place_delta_delay_matrix_calculation_method: ASTAR_ROUTE
PlaceOpts.seed: 1
AnnealSched.type: AUTO_SCHED
AnnealSched.inner_num: 1.000000

RouterOpts.route_type: DETAILED
RouterOpts.router_algorithm: TIMING_DRIVEN
RouterOpts.base_cost_type: DELAY_NORMALIZED_LENGTH_BOUNDED
RouterOpts.fixed_channel_width: 100
RouterOpts.check_route: QUICK
RouterOpts.trim_empty_chan: false
RouterOpts.trim_obs_chan: false
RouterOpts.acc_fac: 1.000000
RouterOpts.bb_factor: 10
RouterOpts.bend_cost: 0.000000
RouterOpts.first_iter_pres_fac: 0.000000
RouterOpts.initial_pres_fac: 4.000000
RouterOpts.pres_fac_mult: 1.300000
RouterOpts.max_router_iterations: 500
RouterOpts.min_incremental_reroute_fanout: 16
RouterOpts.do_check_rr_graph: false
RouterOpts.verify_binary_search: false
RouterOpts.min_channel_width_hint: 0
RouterOpts.read_rr_edge_metadata: false
RouterOpts.exit_after_first_routing_iteration: false
RouterOpts.astar_fac: 1.200000
RouterOpts.criticality_exp: 1.000000
RouterOpts.max_criticality: 0.990000
RouterOpts.init_wirelength_abort_threshold: 0.850000
RouterOpts.save_routing_per_iteration: false
RouterOpts.congested_routing_iteration_threshold_frac: 0.800000
RouterOpts.high_fanout_threshold: -1
RouterOpts.router_debug_net: -2
RouterOpts.router_debug_sink_rr: -2
RouterOpts.router_debug_iteration: -2
RouterOpts.max_convergence_count: 1
RouterOpts.reconvergence_cpd_threshold: 0.990000
RouterOpts.update_lower_bound_delays: true
RouterOpts.first_iteration_timing_report_file: 
RouterOpts.incr_reroute_delay_ripup: OFF
RouterOpts.route_bb_update: DYNAMIC
RouterOpts.lookahead_type: MAP
RouterOpts.initial_timing: LOOKAHEAD
RouterOpts.router_heap: BINARY_HEAP
RouterOpts.routing_failure_predictor = OFF
RouterOpts.routing_budgets_algorithm = DISABLE

AnalysisOpts.gen_post_synthesis_netlist: false
AnalysisOpts.timing_report_npaths: 100
AnalysisOpts.timing_report_skew: false
AnalysisOpts.echo_dot_timing_graph_node: -1
AnalysisOpts.timing_report_detail: NETLIST

RoutingArch.directionality: BI_DIRECTIONAL
RoutingArch.switch_block_type: WILTON
RoutingArch.Fs: 3

# Load Packing
Begin loading packed FPGA netlist file.
Netlist generated from file 'Assignment1.net'.
Detected 2 constant generators (to see names run with higher pack verbosity)
Finished loading packed FPGA netlist file (took 0.007325 seconds).
# Load Packing took 0.01 seconds (max_rss 40.2 MiB, delta_rss +0.4 MiB)
Warning 1: Netlist contains 0 global net to non-global architecture pin connections
Warning 2: Logic block #6 ($false) has only 1 output pin '$false.GND0_GND[0]'. It may be a constant generator.
Warning 3: Logic block #7 ($true) has only 1 output pin '$true.VCC0_VCC[0]'. It may be a constant generator.

Netlist num_nets: 7
Netlist num_blocks: 8
Netlist EMPTY blocks: 0.
Netlist PB-SYN_GND blocks: 1.
Netlist PB-BIDIR blocks: 3.
Netlist PB-ASSP blocks: 0.
Netlist PB-LOGIC blocks: 1.
Netlist PB-SDIOMUX blocks: 2.
Netlist PB-MULT blocks: 0.
Netlist PB-GMUX blocks: 0.
Netlist PB-CLOCK blocks: 0.
Netlist PB-RAM blocks: 0.
Netlist PB-SYN_VCC blocks: 1.
Netlist inputs pins: 4
Netlist output pins: 11


Pb types usage...
  PB-SYN_GND        : 1
   GND              : 1
  PB-BIDIR          : 3
   BIDIR            : 3
    INPUT           : 2
     bidir          : 2
     inpad          : 2
    OUTPUT          : 1
     bidir          : 1
     outpad         : 1
  PB-LOGIC          : 1
   LOGIC            : 1
    FRAGS           : 1
     c_frag_modes   : 1
      SINGLE        : 1
       c_frag       : 1
  PB-SDIOMUX        : 2
   SDIOMUX          : 2
    INPUT           : 2
     inpad          : 2
     sdiomux        : 2
  PB-SYN_VCC        : 1
   VCC              : 1

# Create Device
## Build Device Grid
FPGA sized to 39 x 35: 1365 grid tiles (ql-eos-s3)

Resource usage...
	Netlist
		1	blocks of type: PB-SYN_GND
	Architecture
		1	blocks of type: TL-SYN_GND
	Netlist
		3	blocks of type: PB-BIDIR
	Architecture
		32	blocks of type: TL-BIDIR
	Netlist
		0	blocks of type: PB-ASSP
	Architecture
		1	blocks of type: TL-ASSP
	Netlist
		1	blocks of type: PB-LOGIC
	Architecture
		891	blocks of type: TL-LOGIC
	Netlist
		2	blocks of type: PB-SDIOMUX
	Architecture
		14	blocks of type: TL-SDIOMUX
	Netlist
		0	blocks of type: PB-MULT
	Architecture
		2	blocks of type: TL-MULT
	Netlist
		0	blocks of type: PB-GMUX
	Architecture
		5	blocks of type: TL-GMUX
	Netlist
		0	blocks of type: PB-CLOCK
	Architecture
		5	blocks of type: TL-CLOCK
	Netlist
		0	blocks of type: PB-RAM
	Architecture
		4	blocks of type: TL-RAM
	Netlist
		1	blocks of type: PB-SYN_VCC
	Architecture
		1	blocks of type: TL-SYN_VCC

Device Utilization: 0.01 (target 1.00)
	Physical Tile TL-LOGIC:
	Block Utilization: 0.00 Logical Block: PB-LOGIC
	Physical Tile TL-RAM:
	Block Utilization: 0.00 Logical Block: PB-RAM
	Physical Tile TL-MULT:
	Block Utilization: 0.00 Logical Block: PB-MULT
	Physical Tile TL-BIDIR:
	Block Utilization: 0.09 Logical Block: PB-BIDIR
	Physical Tile TL-CLOCK:
	Block Utilization: 0.00 Logical Block: PB-CLOCK
	Physical Tile TL-SDIOMUX:
	Block Utilization: 0.14 Logical Block: PB-SDIOMUX
	Physical Tile TL-GMUX:
	Block Utilization: 0.00 Logical Block: PB-GMUX
	Physical Tile TL-ASSP:
	Block Utilization: 0.00 Logical Block: PB-ASSP
	Physical Tile TL-SYN_VCC:
	Block Utilization: 1.00 Logical Block: PB-SYN_VCC
	Physical Tile TL-SYN_GND:
	Block Utilization: 1.00 Logical Block: PB-SYN_GND

## Build Device Grid took 0.01 seconds (max_rss 40.5 MiB, delta_rss +0.0 MiB)
## Loading routing resource graph


## Loading routing resource graph took 0.56 seconds (max_rss 349.6 MiB, delta_rss +309.1 MiB)
  RR Graph Nodes: 1396446
  RR Graph Edges: 2337988
# Create Device took 1.15 seconds (max_rss 351.0 MiB, delta_rss +310.6 MiB)

# Load Placement
Reading Assignment1.place.

Successfully read Assignment1.place.

# Load Placement took 0.00 seconds (max_rss 351.0 MiB, delta_rss +0.0 MiB)

# Computing router lookahead map
## Computing wire lookahead
Warning 4: Unable to find any sample location for segment CHANX type 'generic' (length 1)
Warning 5: Unable to find any sample location for segment CHANY type 'generic' (length 1)
Warning 6: Unable to find any sample location for segment CHANX type 'pad' (length 1)
Warning 7: Unable to find any sample location for segment CHANY type 'pad' (length 1)
## Computing wire lookahead took 21.78 seconds (max_rss 351.0 MiB, delta_rss +0.0 MiB)
## Computing src/opin lookahead
## Computing src/opin lookahead took 0.00 seconds (max_rss 351.0 MiB, delta_rss +0.0 MiB)
# Computing router lookahead map took 21.78 seconds (max_rss 351.0 MiB, delta_rss +0.0 MiB)
# Routing
  RR Graph Nodes: 1396446
  RR Graph Edges: 2337988
Confirming router algorithm: TIMING_DRIVEN.
## Initializing router criticalities
Initial Net Connection Criticality Histogram:
[        0:      0.1) 13 ( 54.2%) |************************************************
[      0.1:      0.2)  0 (  0.0%) |
[      0.2:      0.3)  0 (  0.0%) |
[      0.3:      0.4)  0 (  0.0%) |
[      0.4:      0.5)  0 (  0.0%) |
[      0.5:      0.6)  0 (  0.0%) |
[      0.6:      0.7)  0 (  0.0%) |
[      0.7:      0.8)  0 (  0.0%) |
[      0.8:      0.9)  3 ( 12.5%) |***********
[      0.9:        1)  8 ( 33.3%) |******************************
## Initializing router criticalities took 0.00 seconds (max_rss 400.5 MiB, delta_rss +0.0 MiB)
---- ------ ------- ---- ------- ------- ------- ----------------- --------------- -------- ---------- ---------- ---------- ---------- --------
Iter   Time    pres  BBs    Heap  Re-Rtd  Re-Rtd Overused RR Nodes      Wirelength      CPD       sTNS       sWNS       hTNS       hWNS Est Succ
      (sec)     fac Updt    push    Nets   Conns                                       (ns)       (ns)       (ns)       (ns)       (ns)     Iter
---- ------ ------- ---- ------- ------- ------- ----------------- --------------- -------- ---------- ---------- ---------- ---------- --------
   1    0.5     0.0    0 1714919       7      24      27 ( 0.002%)    1416 ( 0.1%)   51.195     -51.20    -51.195      0.000      0.000      N/A
   2    0.4     4.0    0 1303252       5      17       3 ( 0.000%)    1429 ( 0.1%)   51.195     -51.20    -51.195      0.000      0.000      N/A
   3    0.1     5.2    0  293092       1       2       0 ( 0.000%)    1424 ( 0.1%)   51.195     -51.20    -51.195      0.000      0.000      N/A
Restoring best routing
Critical path: 51.1952 ns
Successfully routed after 3 routing iterations.
Final Net Connection Criticality Histogram:
[        0:      0.1) 13 ( 54.2%) |************************************************
[      0.1:      0.2)  0 (  0.0%) |
[      0.2:      0.3)  0 (  0.0%) |
[      0.3:      0.4)  0 (  0.0%) |
[      0.4:      0.5)  0 (  0.0%) |
[      0.5:      0.6)  0 (  0.0%) |
[      0.6:      0.7)  0 (  0.0%) |
[      0.7:      0.8)  3 ( 12.5%) |***********
[      0.8:      0.9)  0 (  0.0%) |
[      0.9:        1)  8 ( 33.3%) |******************************
Router Stats: total_nets_routed: 13 total_connections_routed: 43 total_heap_pushes: 3311263 total_heap_pops: 3157956
# Routing took 1.58 seconds (max_rss 400.5 MiB, delta_rss +49.5 MiB)

Checking to ensure routing is legal...
Completed routing consistency check successfully.

Serial number (magic cookie) for the routing is: -21962599
Circuit successfully routed with a channel width factor of 100.

Incr Slack updates 4 in 2.0281e-05 sec
Full Max Req/Worst Slack updates 1 in 1.344e-06 sec
Incr Max Req/Worst Slack updates 3 in 1.4613e-05 sec
Incr Criticality updates 2 in 1.7375e-05 sec
Full Criticality updates 2 in 1.8675e-05 sec

Average number of bends per net: 164.286  Maximum # of bends: 273

Number of global nets: 0
Number of routed nets (nonglobal): 7
Wire length results (in units of 1 clb segments)...
	Total wirelength: 1426, average net length: 203.714
	Maximum net length: 292

Wire length results in terms of physical segments...
	Total wiring segments used: 1336, average wire segments per net: 190.857
	Maximum segments used by a net: 274
	Total local nets with reserved CLB opins: 0

Routing channel utilization histogram:
[        1:      inf)    0 (  0.0%) |
[      0.9:        1)   22 (  0.9%) |
[      0.8:      0.9)    0 (  0.0%) |
[      0.7:      0.8)    0 (  0.0%) |
[      0.5:      0.6)    0 (  0.0%) |
[      0.4:      0.5)    2 (  0.1%) |
[      0.3:      0.4)    2 (  0.1%) |
[      0.2:      0.3)    0 (  0.0%) |
[      0.1:      0.2)    2 (  0.1%) |
[        0:      0.1) 2556 ( 98.9%) |**********************************************
Maximum routing channel utilization:         1 at (4,0)

X - Directed channels:   j max occ ave occ capacity
                      ---- ------- ------- --------
                         0       2   0.590        2
                         1       0   0.000      221
                         2       0   0.000        0
                         3      30   0.769      635
                         4      12   0.590      623
                         5       0   0.000      658
                         6       0   0.000      623
                         7       0   0.000      623
                         8      11   0.282      623
                         9       0   0.000      623
                        10       0   0.000      665
                        11       0   0.000      623
                        12      11   0.282      647
                        13       0   0.000      623
                        14       0   0.000      623
                        15       0   0.000      623
                        16      11   0.282      623
                        17       0   0.000      623
                        18       0   0.000      725
                        19       0   0.000      623
                        20      11   0.282      623
                        21       0   0.000      623
                        22       0   0.000      623
                        23       0   0.000      623
                        24      12   0.897      623
                        25     110   3.795      657
                        26       8   0.538      634
                        27      11   1.692      623
                        28      11   1.026      623
                        29       8   0.385      624
                        30      33   1.410      625
                        31      23   0.897      626
                        32      40   2.718      786
                        33       0   0.000      269
Y - Directed channels:   i max occ ave occ capacity
                      ---- ------- ------- --------
                         0       0   0.000        2
                         1       0   0.000      287
                         2       1   0.057        4
                         3      32   2.400      848
                         4      40   3.629      874
                         5       8   0.429      819
                         6       7   0.371      760
                         7       8   0.429      761
                         8      17   1.543      761
                         9       9   1.371      761
                        10       8   0.429      757
                        11       7   0.200      775
                        12      30   2.229      757
                        13       8   0.429      761
                        14     105   8.914      761
                        15       0   0.000      761
                        16       0   0.000      761
                        17       0   0.000      761
                        18       0   0.000      761
                        19       0   0.000      816
                        20       0   0.000      761
                        21       0   0.000      883
                        22       0   0.000      761
                        23       0   0.000      761
                        24       0   0.000      761
                        25       0   0.000      761
                        26       0   0.000      757
                        27       0   0.000      775
                        28       0   0.000      757
                        29       0   0.000      761
                        30       0   0.000      761
                        31       0   0.000      761
                        32       0   0.000      761
                        33       0   0.000      763
                        34       0   0.000      762
                        35       0   0.000      764
                        36       0   0.000     1024
                        37       0   0.000      164

Total tracks in x-direction: 19611, in y-direction: 27046

Logic area (in minimum width transistor areas, excludes I/Os and empty grid tiles)...
	Total logic block area (Warning, need to add pitch of routing to blocks with height > 3): 1.3515e+07
	Total used logic block area: 45000

Routing area (in minimum width transistor areas)...
	Assuming no buffer sharing (pessimistic). Total: 1.07847e+09, per logic tile: 790090.
	Assuming buffer sharing (slightly optimistic). Total: 8.38760e+08, per logic tile: 614476.


Segment usage by type (index):    name type utilization
                               ------- ---- -----------
                                  sbox    2     0.00067
                                   vcc    3      0.0363
                                   gnd    4       0.026
                                  hop1    5      0.0015
                                  hop2    6     0.00183
                                  hop3    7           0
                                  hop4    8     0.00228
                                 clock    9           0
                               special   10    0.000895

Segment usage by length: length utilization
                         ------ -----------
                              1    0.000826
                              2     0.00183
                              3           0
                              4     0.00228


Final hold Worst Negative Slack (hWNS): 0 ns
Final hold Total Negative Slack (hTNS): 0 ns

Final hold slack histogram:
[  3.5e-08:  3.5e-08) 1 (100.0%) |**************************************************
[  3.5e-08:  3.5e-08) 0 (  0.0%) |
[  3.5e-08:  3.5e-08) 0 (  0.0%) |
[  3.5e-08:  3.5e-08) 0 (  0.0%) |
[  3.5e-08:  3.5e-08) 0 (  0.0%) |
[  3.5e-08:  3.5e-08) 0 (  0.0%) |
[  3.5e-08:  3.5e-08) 0 (  0.0%) |
[  3.5e-08:  3.5e-08) 0 (  0.0%) |
[  3.5e-08:  3.5e-08) 0 (  0.0%) |
[  3.5e-08:  3.5e-08) 0 (  0.0%) |

Final critical path delay (least slack): 51.1952 ns, Fmax: 19.5331 MHz
Final setup Worst Negative Slack (sWNS): -51.1952 ns
Final setup Total Negative Slack (sTNS): -51.1952 ns

Final setup slack histogram:
[ -5.1e-08: -5.1e-08) 1 (100.0%) |**************************************************
[ -5.1e-08: -5.1e-08) 0 (  0.0%) |
[ -5.1e-08: -5.1e-08) 0 (  0.0%) |
[ -5.1e-08: -5.1e-08) 0 (  0.0%) |
[ -5.1e-08: -5.1e-08) 0 (  0.0%) |
[ -5.1e-08: -5.1e-08) 0 (  0.0%) |
[ -5.1e-08: -5.1e-08) 0 (  0.0%) |
[ -5.1e-08: -5.1e-08) 0 (  0.0%) |
[ -5.1e-08: -5.1e-08) 0 (  0.0%) |
[ -5.1e-08: -5.1e-08) 0 (  0.0%) |

Final geomean non-virtual intra-domain period: nan ns (nan MHz)
Final fanout-weighted geomean non-virtual intra-domain period: nan ns (nan MHz)

Incr Slack updates 1 in 5.284e-06 sec
Full Max Req/Worst Slack updates 1 in 1.784e-06 sec
Incr Max Req/Worst Slack updates 0 in 0 sec
Incr Criticality updates 0 in 0 sec
Full Criticality updates 1 in 8.808e-06 sec
Flow timing analysis took 0.000546996 seconds (0.000420456 STA, 0.00012654 slack) (5 full updates: 0 setup, 0 hold, 5 combined).
VPR succeeded
The entire flow of VPR took 25.06 seconds (max_rss 400.5 MiB)
