#Timing report of worst 1 path(s)
# Unit scale: 1e-09 seconds
# Output precision: 3

#Path 1
Startpoint: B.inpad[0] (.input clocked by virtual_io_clock)
Endpoint  : out:W.outpad[0] (.output clocked by virtual_io_clock)
Path Type : setup

Point                                                                       Incr      Path
------------------------------------------------------------------------------------------
clock virtual_io_clock (rise edge)                                         0.000     0.000
clock source latency                                                       0.000     0.000
input external delay                                                       0.000     0.000
B.inpad[0] (.input)                                                        0.000     0.000
$iopadmap$Assignment1.B.I_PAD_$inp[0] (SDIOMUX_CELL)                       0.000     0.000
$iopadmap$Assignment1.B.I_DAT[0] (SDIOMUX_CELL)                           13.945    13.945
W_LUT4_O.c_frag.TSL[0] (C_FRAG)                                           16.466    30.411
W_LUT4_O.c_frag.CZ[0] (C_FRAG)                                             1.593    32.004
$iopadmap$Assignment1.W.O_DAT[0] (BIDIR_CELL)                              9.382    41.386
$iopadmap$Assignment1.W.O_PAD_$out[0] (BIDIR_CELL)                         9.809    51.195
out:W.outpad[0] (.output)                                                  0.000    51.195
data arrival time                                                                   51.195

clock virtual_io_clock (rise edge)                                         0.000     0.000
clock source latency                                                       0.000     0.000
clock uncertainty                                                          0.000     0.000
output external delay                                                      0.000     0.000
data required time                                                                   0.000
------------------------------------------------------------------------------------------
data required time                                                                   0.000
data arrival time                                                                  -51.195
------------------------------------------------------------------------------------------
slack (VIOLATED)                                                                   -51.195


#End of timing report
