#Timing report of worst 1 path(s)
# Unit scale: 1e-09 seconds
# Output precision: 3

#Path 1
Startpoint: B.inpad[0] (.input clocked by virtual_io_clock)
Endpoint  : out:V.outpad[0] (.output clocked by virtual_io_clock)
Path Type : setup

Point                                                                       Incr      Path
------------------------------------------------------------------------------------------
clock virtual_io_clock (rise edge)                                         0.000     0.000
clock source latency                                                       0.000     0.000
input external delay                                                       0.000     0.000
B.inpad[0] (.input)                                                        0.000     0.000
$iopadmap$Assignment2.B.I_PAD_$inp[0] (SDIOMUX_CELL)                       0.000     0.000
$iopadmap$Assignment2.B.I_DAT[0] (SDIOMUX_CELL)                           13.945    13.945
V_LUT4_O.c_frag.TA2[0] (C_FRAG)                                            0.000    13.945
V_LUT4_O.c_frag.CZ[0] (C_FRAG)                                             1.705    15.650
$iopadmap$Assignment2.V.O_DAT[0] (BIDIR_CELL)                              0.000    15.650
$iopadmap$Assignment2.V.O_PAD_$out[0] (BIDIR_CELL)                         9.809    25.459
out:V.outpad[0] (.output)                                                  0.000    25.459
data arrival time                                                                   25.459

clock virtual_io_clock (rise edge)                                         0.000     0.000
clock source latency                                                       0.000     0.000
clock uncertainty                                                          0.000     0.000
output external delay                                                      0.000     0.000
data required time                                                                   0.000
------------------------------------------------------------------------------------------
data required time                                                                   0.000
data arrival time                                                                  -25.459
------------------------------------------------------------------------------------------
slack (VIOLATED)                                                                   -25.459


#End of timing report
