#Timing report of worst 1 path(s)
# Unit scale: 1e-09 seconds
# Output precision: 3

#Path 1
Startpoint: D.inpad[0] (.input clocked by virtual_io_clock)
Endpoint  : out:V.outpad[0] (.output clocked by virtual_io_clock)
Path Type : hold

Point                                                                     Incr      Path
----------------------------------------------------------------------------------------
clock virtual_io_clock (rise edge)                                       0.000     0.000
clock source latency                                                     0.000     0.000
input external delay                                                     0.000     0.000
D.inpad[0] (.input)                                                      0.000     0.000
$iopadmap$Assignment2.D.I_PAD_$inp[0] (BIDIR_CELL)                       0.000     0.000
$iopadmap$Assignment2.D.I_DAT[0] (BIDIR_CELL)                           10.153    10.153
V_LUT4_O.c_frag.BSL[0] (C_FRAG)                                          7.192    17.345
V_LUT4_O.c_frag.CZ[0] (C_FRAG)                                           1.041    18.386
$iopadmap$Assignment2.V.O_DAT[0] (BIDIR_CELL)                            9.382    27.768
$iopadmap$Assignment2.V.O_PAD_$out[0] (BIDIR_CELL)                       9.726    37.494
out:V.outpad[0] (.output)                                                0.000    37.494
data arrival time                                                                 37.494

clock virtual_io_clock (rise edge)                                       0.000     0.000
clock source latency                                                     0.000     0.000
clock uncertainty                                                        0.000     0.000
output external delay                                                    0.000     0.000
data required time                                                                 0.000
----------------------------------------------------------------------------------------
data required time                                                                -0.000
data arrival time                                                                 37.494
----------------------------------------------------------------------------------------
slack (MET)                                                                       37.494


#End of timing report
