#Timing report of worst 7 path(s)
# Unit scale: 1e-09 seconds
# Output precision: 3

#Path 1
Startpoint: W.inpad[0] (.input clocked by virtual_io_clock)
Endpoint  : out:a.outpad[0] (.output clocked by virtual_io_clock)
Path Type : hold

Point                                                                        Incr      Path
-------------------------------------------------------------------------------------------
clock virtual_io_clock (rise edge)                                          0.000     0.000
clock source latency                                                        0.000     0.000
input external delay                                                        0.000     0.000
W.inpad[0] (.input)                                                         0.000     0.000
$iopadmap$helloworldfpga.W.I_PAD_$inp[0] (BIDIR_CELL)                       0.000     0.000
$iopadmap$helloworldfpga.W.I_DAT[0] (BIDIR_CELL)                           10.153    10.153
a_LUT4_O.c_frag.TA2[0] (C_FRAG)                                             2.569    12.722
a_LUT4_O.c_frag.CZ[0] (C_FRAG)                                              1.481    14.203
$iopadmap$helloworldfpga.a.O_DAT[0] (BIDIR_CELL)                            9.470    23.673
$iopadmap$helloworldfpga.a.O_PAD_$out[0] (BIDIR_CELL)                       9.726    33.399
out:a.outpad[0] (.output)                                                   0.000    33.399
data arrival time                                                                    33.399

clock virtual_io_clock (rise edge)                                          0.000     0.000
clock source latency                                                        0.000     0.000
clock uncertainty                                                           0.000     0.000
output external delay                                                       0.000     0.000
data required time                                                                    0.000
-------------------------------------------------------------------------------------------
data required time                                                                   -0.000
data arrival time                                                                    33.399
-------------------------------------------------------------------------------------------
slack (MET)                                                                          33.399


#Path 2
Startpoint: X.inpad[0] (.input clocked by virtual_io_clock)
Endpoint  : out:e.outpad[0] (.output clocked by virtual_io_clock)
Path Type : hold

Point                                                                        Incr      Path
-------------------------------------------------------------------------------------------
clock virtual_io_clock (rise edge)                                          0.000     0.000
clock source latency                                                        0.000     0.000
input external delay                                                        0.000     0.000
X.inpad[0] (.input)                                                         0.000     0.000
$iopadmap$helloworldfpga.X.I_PAD_$inp[0] (BIDIR_CELL)                       0.000     0.000
$iopadmap$helloworldfpga.X.I_DAT[0] (BIDIR_CELL)                           10.153    10.153
e_LUT4_O.c_frag.BA1[0] (C_FRAG)                                             4.228    14.381
e_LUT4_O.c_frag.CZ[0] (C_FRAG)                                              1.392    15.772
$iopadmap$helloworldfpga.e.O_DAT[0] (BIDIR_CELL)                           10.237    26.010
$iopadmap$helloworldfpga.e.O_PAD_$out[0] (BIDIR_CELL)                       9.726    35.736
out:e.outpad[0] (.output)                                                   0.000    35.736
data arrival time                                                                    35.736

clock virtual_io_clock (rise edge)                                          0.000     0.000
clock source latency                                                        0.000     0.000
clock uncertainty                                                           0.000     0.000
output external delay                                                       0.000     0.000
data required time                                                                    0.000
-------------------------------------------------------------------------------------------
data required time                                                                   -0.000
data arrival time                                                                    35.736
-------------------------------------------------------------------------------------------
slack (MET)                                                                          35.736


#Path 3
Startpoint: X.inpad[0] (.input clocked by virtual_io_clock)
Endpoint  : out:b.outpad[0] (.output clocked by virtual_io_clock)
Path Type : hold

Point                                                                        Incr      Path
-------------------------------------------------------------------------------------------
clock virtual_io_clock (rise edge)                                          0.000     0.000
clock source latency                                                        0.000     0.000
input external delay                                                        0.000     0.000
X.inpad[0] (.input)                                                         0.000     0.000
$iopadmap$helloworldfpga.X.I_PAD_$inp[0] (BIDIR_CELL)                       0.000     0.000
$iopadmap$helloworldfpga.X.I_DAT[0] (BIDIR_CELL)                           10.153    10.153
b_LUT3_O.t_frag.XSL[0] (T_FRAG)                                             4.646    14.799
b_LUT3_O.t_frag.XZ[0] (T_FRAG)                                              1.041    15.840
$iopadmap$helloworldfpga.b.O_DAT[0] (BIDIR_CELL)                           10.382    26.221
$iopadmap$helloworldfpga.b.O_PAD_$out[0] (BIDIR_CELL)                       9.726    35.947
out:b.outpad[0] (.output)                                                   0.000    35.947
data arrival time                                                                    35.947

clock virtual_io_clock (rise edge)                                          0.000     0.000
clock source latency                                                        0.000     0.000
clock uncertainty                                                           0.000     0.000
output external delay                                                       0.000     0.000
data required time                                                                    0.000
-------------------------------------------------------------------------------------------
data required time                                                                   -0.000
data arrival time                                                                    35.947
-------------------------------------------------------------------------------------------
slack (MET)                                                                          35.947


#Path 4
Startpoint: X.inpad[0] (.input clocked by virtual_io_clock)
Endpoint  : out:c.outpad[0] (.output clocked by virtual_io_clock)
Path Type : hold

Point                                                                        Incr      Path
-------------------------------------------------------------------------------------------
clock virtual_io_clock (rise edge)                                          0.000     0.000
clock source latency                                                        0.000     0.000
input external delay                                                        0.000     0.000
X.inpad[0] (.input)                                                         0.000     0.000
$iopadmap$helloworldfpga.X.I_PAD_$inp[0] (BIDIR_CELL)                       0.000     0.000
$iopadmap$helloworldfpga.X.I_DAT[0] (BIDIR_CELL)                           10.153    10.153
c_LUT4_O.c_frag.BAB[0] (C_FRAG)                                             4.733    14.886
c_LUT4_O.c_frag.CZ[0] (C_FRAG)                                              0.909    15.795
$iopadmap$helloworldfpga.c.O_DAT[0] (BIDIR_CELL)                           12.154    27.950
$iopadmap$helloworldfpga.c.O_PAD_$out[0] (BIDIR_CELL)                       9.726    37.676
out:c.outpad[0] (.output)                                                   0.000    37.676
data arrival time                                                                    37.676

clock virtual_io_clock (rise edge)                                          0.000     0.000
clock source latency                                                        0.000     0.000
clock uncertainty                                                           0.000     0.000
output external delay                                                       0.000     0.000
data required time                                                                    0.000
-------------------------------------------------------------------------------------------
data required time                                                                   -0.000
data arrival time                                                                    37.676
-------------------------------------------------------------------------------------------
slack (MET)                                                                          37.676


#Path 5
Startpoint: X.inpad[0] (.input clocked by virtual_io_clock)
Endpoint  : out:d.outpad[0] (.output clocked by virtual_io_clock)
Path Type : hold

Point                                                                        Incr      Path
-------------------------------------------------------------------------------------------
clock virtual_io_clock (rise edge)                                          0.000     0.000
clock source latency                                                        0.000     0.000
input external delay                                                        0.000     0.000
X.inpad[0] (.input)                                                         0.000     0.000
$iopadmap$helloworldfpga.X.I_PAD_$inp[0] (BIDIR_CELL)                       0.000     0.000
$iopadmap$helloworldfpga.X.I_DAT[0] (BIDIR_CELL)                           10.153    10.153
d_LUT4_O.c_frag.TA1[0] (C_FRAG)                                             2.618    12.771
d_LUT4_O.c_frag.CZ[0] (C_FRAG)                                              1.497    14.268
$iopadmap$helloworldfpga.d.O_DAT[0] (BIDIR_CELL)                           13.728    27.996
$iopadmap$helloworldfpga.d.O_PAD_$out[0] (BIDIR_CELL)                       9.726    37.722
out:d.outpad[0] (.output)                                                   0.000    37.722
data arrival time                                                                    37.722

clock virtual_io_clock (rise edge)                                          0.000     0.000
clock source latency                                                        0.000     0.000
clock uncertainty                                                           0.000     0.000
output external delay                                                       0.000     0.000
data required time                                                                    0.000
-------------------------------------------------------------------------------------------
data required time                                                                   -0.000
data arrival time                                                                    37.722
-------------------------------------------------------------------------------------------
slack (MET)                                                                          37.722


#Path 6
Startpoint: X.inpad[0] (.input clocked by virtual_io_clock)
Endpoint  : out:f.outpad[0] (.output clocked by virtual_io_clock)
Path Type : hold

Point                                                                        Incr      Path
-------------------------------------------------------------------------------------------
clock virtual_io_clock (rise edge)                                          0.000     0.000
clock source latency                                                        0.000     0.000
input external delay                                                        0.000     0.000
X.inpad[0] (.input)                                                         0.000     0.000
$iopadmap$helloworldfpga.X.I_PAD_$inp[0] (BIDIR_CELL)                       0.000     0.000
$iopadmap$helloworldfpga.X.I_DAT[0] (BIDIR_CELL)                           10.153    10.153
f_LUT4_O.c_frag.BA1[0] (C_FRAG)                                             2.854    13.007
f_LUT4_O.c_frag.CZ[0] (C_FRAG)                                              1.392    14.399
$iopadmap$helloworldfpga.f.O_DAT[0] (BIDIR_CELL)                           14.441    28.840
$iopadmap$helloworldfpga.f.O_PAD_$out[0] (BIDIR_CELL)                       9.726    38.566
out:f.outpad[0] (.output)                                                   0.000    38.566
data arrival time                                                                    38.566

clock virtual_io_clock (rise edge)                                          0.000     0.000
clock source latency                                                        0.000     0.000
clock uncertainty                                                           0.000     0.000
output external delay                                                       0.000     0.000
data required time                                                                    0.000
-------------------------------------------------------------------------------------------
data required time                                                                   -0.000
data arrival time                                                                    38.566
-------------------------------------------------------------------------------------------
slack (MET)                                                                          38.566


#Path 7
Startpoint: W.inpad[0] (.input clocked by virtual_io_clock)
Endpoint  : out:g.outpad[0] (.output clocked by virtual_io_clock)
Path Type : hold

Point                                                                        Incr      Path
-------------------------------------------------------------------------------------------
clock virtual_io_clock (rise edge)                                          0.000     0.000
clock source latency                                                        0.000     0.000
input external delay                                                        0.000     0.000
W.inpad[0] (.input)                                                         0.000     0.000
$iopadmap$helloworldfpga.W.I_PAD_$inp[0] (BIDIR_CELL)                       0.000     0.000
$iopadmap$helloworldfpga.W.I_DAT[0] (BIDIR_CELL)                           10.153    10.153
g_LUT4_O.c_frag.TBS[0] (C_FRAG)                                             4.361    14.514
g_LUT4_O.c_frag.CZ[0] (C_FRAG)                                              0.705    15.219
$iopadmap$helloworldfpga.g.O_DAT[0] (BIDIR_CELL)                           15.238    30.458
$iopadmap$helloworldfpga.g.O_PAD_$out[0] (BIDIR_CELL)                       9.726    40.184
out:g.outpad[0] (.output)                                                   0.000    40.184
data arrival time                                                                    40.184

clock virtual_io_clock (rise edge)                                          0.000     0.000
clock source latency                                                        0.000     0.000
clock uncertainty                                                           0.000     0.000
output external delay                                                       0.000     0.000
data required time                                                                    0.000
-------------------------------------------------------------------------------------------
data required time                                                                   -0.000
data arrival time                                                                    40.184
-------------------------------------------------------------------------------------------
slack (MET)                                                                          40.184


#End of timing report
