VPR FPGA Placement and Routing.
Version: 8.1.0-dev+dadca7ecf
Revision: v8.0.0-rc2-2894-gdadca7ecf
Compiled: 2020-10-14T15:08:54
Compiler: GNU 7.3.0 on Linux-4.15.0-1028-gcp x86_64
Build Info: Release IPO VTR_ASSERT_LEVEL=2

University of Toronto
verilogtorouting.org
vtr-users@googlegroups.com
This is free open source code under MIT license.

VPR was run with the following command-line:
vpr /home/vedula/qorc-sdk/fpga_toolchain_install/v1.3.1/quicklogic-arch-defs/share/arch/ql-eos-s3_wlcsp/arch.timing.xml Assignment3.eblif --device ql-eos-s3 --max_router_iterations 500 --routing_failure_predictor off --router_high_fanout_threshold -1 --constant_net_method route --route_chan_width 100 --clock_modeling route --place_delay_model delta_override --router_lookahead map --check_route quick --strict_checks off --allow_dangling_combinational_nodes on --disable_errors check_unbuffered_edges:check_route --congested_routing_iteration_threshold 0.8 --incremental_reroute_delay_ripup off --base_cost_type delay_normalized_length_bounded --bb_factor 10 --initial_pres_fac 4.0 --check_rr_graph off --suppress_warnings ,sum_pin_class:check_unbuffered_edges:load_rr_indexed_data_T_values:check_rr_node:trans_per_R:check_route:set_rr_graph_tool_comment:warn_model_missing_timing --read_rr_graph /home/vedula/qorc-sdk/fpga_toolchain_install/v1.3.1/quicklogic-arch-defs/share/arch/ql-eos-s3_wlcsp/rr_graph_ql-eos-s3_wlcsp.rr_graph.real.bin --read_placement_delay_lookup /home/vedula/qorc-sdk/fpga_toolchain_install/v1.3.1/quicklogic-arch-defs/share/arch/ql-eos-s3_wlcsp/rr_graph_ql-eos-s3_wlcsp.place_delay.bin --sdc_file /home/vedula/qorc-sdk/fpga-examples/Ass3/build/Assignment3_dummy.sdc --fix_clusters Assignment3_constraints.place --place

Using up to 1 parallel worker(s)

Architecture file: /home/vedula/qorc-sdk/fpga_toolchain_install/v1.3.1/quicklogic-arch-defs/share/arch/ql-eos-s3_wlcsp/arch.timing.xml
Circuit name: Assignment3

# Loading Architecture Description
# Loading Architecture Description took 0.48 seconds (max_rss 31.2 MiB, delta_rss +25.0 MiB)
# Building complex block graph
# Building complex block graph took 0.13 seconds (max_rss 39.9 MiB, delta_rss +8.7 MiB)
# Load circuit
# Load circuit took 0.02 seconds (max_rss 41.1 MiB, delta_rss +1.1 MiB)
# Clean circuit
Absorbed 875 LUT buffers
Inferred  106 additional primitive pins as constant generators since they have no combinationally connected inputs
Inferred   39 additional primitive pins as constant generators due to constant inputs
Inferred    0 additional primitive pins as constant generators since they have no combinationally connected inputs
Inferred    0 additional primitive pins as constant generators due to constant inputs
Inferred    0 additional primitive pins as constant generators since they have no combinationally connected inputs
Inferred    0 additional primitive pins as constant generators due to constant inputs
Swept input(s)      : 0
Swept output(s)     : 0 (0 dangling, 0 constant)
Swept net(s)        : 141
Swept block(s)      : 1
Constant Pins Marked: 145
# Clean circuit took 0.01 seconds (max_rss 42.2 MiB, delta_rss +1.2 MiB)
# Compress circuit
# Compress circuit took 0.00 seconds (max_rss 42.2 MiB, delta_rss +0.0 MiB)
# Verify circuit
# Verify circuit took 0.00 seconds (max_rss 42.2 MiB, delta_rss +0.0 MiB)
Circuit Statistics:
  Blocks: 138
    .input    :       1
    .output   :       9
    ASSP      :       1
    BIDIR_CELL:      10
    C_FRAG    :      13
    F_FRAG    :       2
    GND       :       1
    Q_FRAG    :      34
    T_FRAG    :      66
    VCC       :       1
  Nets  : 129
    Avg Fanout:     8.3
    Max Fanout:   492.0
    Min Fanout:     1.0
  Netlist Clocks: 2
# Build Timing Graph
Warning 1: Inferred implicit clock source clock_dffe_Q.QZ[0] for netlist clock $auto$clkbufmap.cc:247:execute$2733 (possibly data used as clock)
  Timing Graph Nodes: 1204
  Timing Graph Edges: 1901
  Timing Graph Levels: 24
# Build Timing Graph took 0.00 seconds (max_rss 42.2 MiB, delta_rss +0.0 MiB)
Netlist contains 2 clocks
  Netlist Clock '$auto$clkbufmap.cc:247:execute$2733' Fanout: 8 pins (0.7%), 8 blocks (5.8%)
  Netlist Clock 'clk' Fanout: 28 pins (2.3%), 28 blocks (20.3%)
# Load Timing Constraints

SDC file '/home/vedula/qorc-sdk/fpga-examples/Ass3/build/Assignment3_dummy.sdc' contained no SDC commands
Setting default timing constraints:
   * constrain all primay inputs and primary outputs on a virtual external clock 'virtual_io_clock'
   * optimize all netlist and virtual clocks to run as fast as possible
   * ignore cross netlist clock domain timing paths
Timing constraints created 3 clocks
  Constrained Clock 'virtual_io_clock' (Virtual Clock)
  Constrained Clock '$auto$clkbufmap.cc:247:execute$2733' Source: 'clock_dffe_Q.QZ[0]'
  Constrained Clock 'clk' Source: 'u_qlal4s3b_cell_macro.Sys_Clk0[0]'

# Load Timing Constraints took 0.00 seconds (max_rss 42.2 MiB, delta_rss +0.0 MiB)
Timing analysis: ON
Circuit netlist file: Assignment3.net
Circuit placement file: Assignment3.place
Circuit routing file: Assignment3.route
Circuit SDC file: /home/vedula/qorc-sdk/fpga-examples/Ass3/build/Assignment3_dummy.sdc

Packer: ENABLED
Placer: ENABLED
Router: DISABLED
Analysis: DISABLED

NetlistOpts.abosrb_buffer_luts            : true
NetlistOpts.sweep_dangling_primary_ios    : true
NetlistOpts.sweep_dangling_nets           : true
NetlistOpts.sweep_dangling_blocks         : true
NetlistOpts.sweep_constant_primary_outputs: false
NetlistOpts.netlist_verbosity             : 1
NetlistOpts.const_gen_inference           : COMB_SEQ

PackerOpts.allow_unrelated_clustering: auto
PackerOpts.alpha_clustering: 0.750000
PackerOpts.beta_clustering: 0.900000
PackerOpts.cluster_seed_type: BLEND2
PackerOpts.connection_driven: true
PackerOpts.global_clocks: true
PackerOpts.hill_climbing_flag: false
PackerOpts.inter_cluster_net_delay: 1.000000
PackerOpts.timing_driven: true
PackerOpts.target_external_pin_util: auto

PlacerOpts.place_freq: PLACE_ONCE
PlacerOpts.place_algorithm: CRITICALITY_TIMING_PLACE
PlacerOpts.pad_loc_type: FREE
PlacerOpts.constraints_file: Using constraints file 'Assignment3_constraints.place'
PlacerOpts.place_cost_exp: 1.000000
PlacerOpts.place_chan_width: 100
PlacerOpts.inner_loop_recompute_divider: 0
PlacerOpts.recompute_crit_iter: 1
PlacerOpts.timing_tradeoff: 0.500000
PlacerOpts.td_place_exp_first: 1.000000
PlacerOpts.td_place_exp_last: 8.000000
PlacerOpts.delay_offset: 0.000000
PlacerOpts.delay_ramp_delta_threshold: -1
PlacerOpts.delay_ramp_slope: 0.000000
PlacerOpts.tsu_rel_margin: 1.000000
PlacerOpts.tsu_abs_margin: 0.000000
PlacerOpts.post_place_timing_report_file: 
PlacerOpts.allowed_tiles_for_delay_model: 
PlacerOpts.delay_model_reducer: MIN
PlacerOpts.delay_model_type: DELTA_OVERRIDE
PlacerOpts.rlim_escape_fraction: 0.000000
PlacerOpts.move_stats_file: 
PlacerOpts.placement_saves_per_temperature: 0
PlacerOpts.effort_scaling: CIRCUIT
PlacerOpts.place_delta_delay_matrix_calculation_method: ASTAR_ROUTE
PlaceOpts.seed: 1
AnnealSched.type: AUTO_SCHED
AnnealSched.inner_num: 1.000000

RoutingArch.directionality: BI_DIRECTIONAL
RoutingArch.switch_block_type: WILTON
RoutingArch.Fs: 3

# Load Packing
Begin loading packed FPGA netlist file.
Netlist generated from file 'Assignment3.net'.
Detected 2 constant generators (to see names run with higher pack verbosity)
Finished loading packed FPGA netlist file (took 0.043093 seconds).
# Load Packing took 0.05 seconds (max_rss 43.6 MiB, delta_rss +1.4 MiB)
Warning 2: Netlist contains 0 global net to non-global architecture pin connections
Warning 3: Logic block #57 ($false) has only 1 output pin '$false.GND0_GND[0]'. It may be a constant generator.
Warning 4: Logic block #58 ($true) has only 1 output pin '$true.VCC0_VCC[0]'. It may be a constant generator.

Netlist num_nets: 92
Netlist num_blocks: 59
Netlist EMPTY blocks: 0.
Netlist PB-SYN_GND blocks: 1.
Netlist PB-BIDIR blocks: 10.
Netlist PB-ASSP blocks: 1.
Netlist PB-LOGIC blocks: 46.
Netlist PB-SDIOMUX blocks: 0.
Netlist PB-MULT blocks: 0.
Netlist PB-GMUX blocks: 0.
Netlist PB-CLOCK blocks: 0.
Netlist PB-RAM blocks: 0.
Netlist PB-SYN_VCC blocks: 1.
Netlist inputs pins: 1
Netlist output pins: 29


Pb types usage...
  PB-SYN_GND        : 1
   GND              : 1
  PB-BIDIR          : 10
   BIDIR            : 10
    INPUT           : 1
     bidir          : 1
     inpad          : 1
    OUTPUT          : 9
     bidir          : 9
     outpad         : 9
  PB-ASSP           : 1
   ASSP             : 1
  PB-LOGIC          : 46
   LOGIC            : 46
    FRAGS           : 46
     c_frag_modes   : 46
      SINGLE        : 13
       c_frag       : 13
      SPLIT         : 33
       b_frag       : 33
       t_frag       : 33
     f_frag         : 2
     q_frag_modes   : 34
      INT           : 28
       q_frag       : 28
      EXT           : 6
       q_frag       : 6
  PB-SYN_VCC        : 1
   VCC              : 1

# Create Device
## Build Device Grid
FPGA sized to 39 x 35: 1365 grid tiles (ql-eos-s3)

Resource usage...
	Netlist
		1	blocks of type: PB-SYN_GND
	Architecture
		1	blocks of type: TL-SYN_GND
	Netlist
		10	blocks of type: PB-BIDIR
	Architecture
		32	blocks of type: TL-BIDIR
	Netlist
		1	blocks of type: PB-ASSP
	Architecture
		1	blocks of type: TL-ASSP
	Netlist
		46	blocks of type: PB-LOGIC
	Architecture
		891	blocks of type: TL-LOGIC
	Netlist
		0	blocks of type: PB-SDIOMUX
	Architecture
		14	blocks of type: TL-SDIOMUX
	Netlist
		0	blocks of type: PB-MULT
	Architecture
		2	blocks of type: TL-MULT
	Netlist
		0	blocks of type: PB-GMUX
	Architecture
		5	blocks of type: TL-GMUX
	Netlist
		0	blocks of type: PB-CLOCK
	Architecture
		5	blocks of type: TL-CLOCK
	Netlist
		0	blocks of type: PB-RAM
	Architecture
		4	blocks of type: TL-RAM
	Netlist
		1	blocks of type: PB-SYN_VCC
	Architecture
		1	blocks of type: TL-SYN_VCC

Device Utilization: 0.04 (target 1.00)
	Physical Tile TL-LOGIC:
	Block Utilization: 0.05 Logical Block: PB-LOGIC
	Physical Tile TL-RAM:
	Block Utilization: 0.00 Logical Block: PB-RAM
	Physical Tile TL-MULT:
	Block Utilization: 0.00 Logical Block: PB-MULT
	Physical Tile TL-BIDIR:
	Block Utilization: 0.31 Logical Block: PB-BIDIR
	Physical Tile TL-CLOCK:
	Block Utilization: 0.00 Logical Block: PB-CLOCK
	Physical Tile TL-SDIOMUX:
	Block Utilization: 0.00 Logical Block: PB-SDIOMUX
	Physical Tile TL-GMUX:
	Block Utilization: 0.00 Logical Block: PB-GMUX
	Physical Tile TL-ASSP:
	Block Utilization: 1.00 Logical Block: PB-ASSP
	Physical Tile TL-SYN_VCC:
	Block Utilization: 1.00 Logical Block: PB-SYN_VCC
	Physical Tile TL-SYN_GND:
	Block Utilization: 1.00 Logical Block: PB-SYN_GND

## Build Device Grid took 0.01 seconds (max_rss 43.8 MiB, delta_rss +0.0 MiB)
## Loading routing resource graph


## Loading routing resource graph took 0.76 seconds (max_rss 351.4 MiB, delta_rss +307.6 MiB)
  RR Graph Nodes: 1396446
  RR Graph Edges: 2337988
# Create Device took 1.99 seconds (max_rss 355.4 MiB, delta_rss +311.6 MiB)

# Computing router lookahead map
## Computing wire lookahead
Warning 5: Unable to find any sample location for segment CHANX type 'generic' (length 1)
Warning 6: Unable to find any sample location for segment CHANY type 'generic' (length 1)
Warning 7: Unable to find any sample location for segment CHANX type 'pad' (length 1)
Warning 8: Unable to find any sample location for segment CHANY type 'pad' (length 1)
## Computing wire lookahead took 23.61 seconds (max_rss 355.4 MiB, delta_rss +0.0 MiB)
## Computing src/opin lookahead
## Computing src/opin lookahead took 0.00 seconds (max_rss 355.4 MiB, delta_rss +0.0 MiB)
# Computing router lookahead map took 23.61 seconds (max_rss 355.4 MiB, delta_rss +0.0 MiB)
# Placement
## Computing placement delta delay look-up
  RR Graph Nodes: 1396446
  RR Graph Edges: 2337988
## Computing placement delta delay look-up took 0.63 seconds (max_rss 403.6 MiB, delta_rss +48.2 MiB)
Warning 9: CHANX place cost fac is 0 at 2 2
Warning 10: CHANX place cost fac is 0 at 34 34
Warning 11: CHANY place cost fac is 0 at 38 38
## Initial Placement
Reading Assignment3_constraints.place.

Successfully read Assignment3_constraints.place.

## Initial Placement took 0.00 seconds (max_rss 403.6 MiB, delta_rss +0.0 MiB)

There are 1004 point to point connections in this circuit.


BB estimate of min-dist (placement) wire length: 4276

Completed placement consistency check successfully.
Initial placement cost: 1 bb_cost: 6.374 td_cost: 1.50026e-06
Initial placement estimated Critical Path Delay (CPD): 101.239 ns
Initial placement estimated setup Total Negative Slack (sTNS): -2892.9 ns
Initial placement estimated setup Worst Negative Slack (sWNS): -101.239 ns

Initial placement estimated setup slack histogram:
[   -1e-07: -9.2e-08) 24 ( 55.8%) |************************************************
[ -9.2e-08: -8.3e-08)  2 (  4.7%) |****
[ -8.3e-08: -7.5e-08)  0 (  0.0%) |
[ -7.5e-08: -6.6e-08)  0 (  0.0%) |
[ -6.6e-08: -5.7e-08)  0 (  0.0%) |
[ -5.7e-08: -4.8e-08)  0 (  0.0%) |
[ -4.8e-08: -3.9e-08)  2 (  4.7%) |****
[ -3.9e-08:   -3e-08)  0 (  0.0%) |
[   -3e-08: -2.1e-08)  8 ( 18.6%) |****************
[ -2.1e-08: -1.2e-08)  7 ( 16.3%) |**************
Placement contains 0 placement macros involving 0 blocks (average macro size -nan)

Moves per temperature: 229

---- ------ ------- ------- ---------- ---------- ------- ---------- -------- ------- ------- ------ -------- --------- ------
Tnum   Time       T Av Cost Av BB Cost Av TD Cost     CPD       sTNS     sWNS Ac Rate Std Dev  R lim Crit Exp Tot Moves  Alpha
      (sec)                                          (ns)       (ns)     (ns)                                                 
---- ------ ------- ------- ---------- ---------- ------- ---------- -------- ------- ------- ------ -------- --------- ------
   1    0.0 5.1e-01   0.947       6.32 1.5278e-06 110.499  -3.06e+03 -110.499   0.908  0.0427   38.0     1.00       229  0.200
   2    0.0 4.6e-01   1.005       6.26 1.3896e-06 117.098  -2.93e+03 -117.098   0.948  0.0285   38.0     1.00       458  0.900
   3    0.0 4.2e-01   0.966       6.26 1.4168e-06 109.039   -2.9e+03 -109.039   0.913  0.0195   38.0     1.00       687  0.900
   4    0.0 3.8e-01   0.994       6.22 1.4358e-06 118.965  -3.12e+03 -118.965   0.908  0.0300   38.0     1.00       916  0.900
   5    0.0 3.4e-01   0.999       6.19 1.5002e-06  95.432  -2.68e+03  -95.432   0.917  0.0240   38.0     1.00      1145  0.900
   6    0.0 3.0e-01   1.038       6.38 1.4799e-06  95.776  -2.62e+03  -95.776   0.900  0.0236   38.0     1.00      1374  0.900
   7    0.0 2.7e-01   0.992       6.38 1.5182e-06 110.658  -2.97e+03 -110.658   0.891  0.0224   38.0     1.00      1603  0.900
   8    0.0 2.5e-01   0.953       6.20 1.3793e-06 125.832  -3.36e+03 -125.832   0.934  0.0176   38.0     1.00      1832  0.900
   9    0.0 2.2e-01   1.009       6.13 1.4344e-06 105.664  -2.88e+03 -105.664   0.948  0.0274   38.0     1.00      2061  0.900
  10    0.0 2.0e-01   0.961       6.29 1.4216e-06 116.705  -3.22e+03 -116.705   0.930  0.0267   38.0     1.00      2290  0.900
  11    0.0 1.8e-01   0.986       6.34 1.4347e-06 121.134  -3.19e+03 -121.134   0.948  0.0227   38.0     1.00      2519  0.900
  12    0.0 1.6e-01   0.995       6.25 1.3961e-06 129.578  -3.23e+03 -129.578   0.917  0.0220   38.0     1.00      2748  0.900
  13    0.0 1.5e-01   0.973       6.16 1.4484e-06 116.444  -3.15e+03 -116.444   0.913  0.0229   38.0     1.00      2977  0.900
  14    0.0 1.3e-01   1.032       6.30 1.4129e-06 109.539  -2.97e+03 -109.539   0.895  0.0298   38.0     1.00      3206  0.900
  15    0.0 1.2e-01   1.009       6.29 1.4482e-06 121.889  -3.23e+03 -121.889   0.891  0.0339   38.0     1.00      3435  0.900
  16    0.0 1.1e-01   1.009       6.29 1.4309e-06 110.137  -2.98e+03 -110.137   0.930  0.0208   38.0     1.00      3664  0.900
  17    0.0 9.5e-02   1.006       6.32 1.4903e-06 109.293  -3.03e+03 -109.293   0.939  0.0256   38.0     1.00      3893  0.900
  18    0.0 8.6e-02   1.012       6.31 1.428e-06  116.772  -3.14e+03 -116.772   0.930  0.0246   38.0     1.00      4122  0.900
  19    0.0 7.7e-02   0.968       6.33 1.4588e-06 112.158  -3.07e+03 -112.158   0.882  0.0207   38.0     1.00      4351  0.900
  20    0.0 7.0e-02   0.959       6.18 1.3914e-06 107.588  -3.01e+03 -107.588   0.908  0.0372   38.0     1.00      4580  0.900
  21    0.0 6.3e-02   1.008       6.23 1.3908e-06 123.577  -3.18e+03 -123.577   0.904  0.0210   38.0     1.00      4809  0.900
  22    0.0 5.6e-02   1.002       6.17 1.4428e-06 112.033  -3.09e+03 -112.033   0.908  0.0312   38.0     1.00      5038  0.900
  23    0.0 5.1e-02   0.985       6.14 1.444e-06  110.434     -3e+03 -110.434   0.878  0.0275   38.0     1.00      5267  0.900
  24    0.0 4.6e-02   1.012       6.04 1.3511e-06 111.793  -3.12e+03 -111.793   0.860  0.0349   38.0     1.00      5496  0.900
  25    0.0 4.1e-02   0.995       6.13 1.3791e-06 122.287  -3.29e+03 -122.287   0.904  0.0228   38.0     1.00      5725  0.900
  26    0.0 3.7e-02   1.020       6.33 1.4973e-06 119.091  -3.14e+03 -119.091   0.865  0.0285   38.0     1.00      5954  0.900
  27    0.0 3.3e-02   0.979       6.20 1.3849e-06 112.693  -2.92e+03 -112.693   0.860  0.0246   38.0     1.00      6183  0.900
  28    0.0 3.0e-02   0.976       5.98 1.417e-06  114.790  -3.25e+03 -114.790   0.790  0.0347   38.0     1.00      6412  0.900
  29    0.0 2.8e-02   0.984       5.72 1.3416e-06 102.802  -2.75e+03 -102.802   0.838  0.0354   38.0     1.00      6641  0.950
  30    0.0 2.6e-02   0.997       5.76 1.3484e-06 103.259  -2.82e+03 -103.259   0.808  0.0205   38.0     1.00      6870  0.900
  31    0.0 2.3e-02   1.004       6.02 1.4082e-06 100.860  -2.82e+03 -100.860   0.764  0.0153   38.0     1.00      7099  0.900
  32    0.0 2.2e-02   1.003       5.75 1.3509e-06 111.159  -3.11e+03 -111.159   0.782  0.0500   38.0     1.00      7328  0.950
  33    0.0 2.1e-02   1.002       5.79 1.3055e-06 114.218  -3.13e+03 -114.218   0.803  0.0291   38.0     1.00      7557  0.950
  34    0.0 1.9e-02   1.022       5.85 1.3377e-06 108.832   -2.9e+03 -108.832   0.769  0.0424   38.0     1.00      7786  0.900
  35    0.0 1.8e-02   0.973       6.08 1.3753e-06 111.436   -3.1e+03 -111.436   0.773  0.0272   38.0     1.00      8015  0.950
  36    0.0 1.7e-02   0.943       5.85 1.3352e-06 104.030  -2.77e+03 -104.030   0.742  0.0254   38.0     1.00      8244  0.950
  37    0.0 1.6e-02   1.001       5.74 1.3418e-06  99.810  -2.66e+03  -99.810   0.755  0.0310   38.0     1.00      8473  0.950
  38    0.0 1.5e-02   0.961       5.78 1.2854e-06 107.653   -3.1e+03 -107.653   0.729  0.0278   38.0     1.00      8702  0.950
  39    0.0 1.4e-02   0.957       5.81 1.3244e-06 107.065  -2.85e+03 -107.065   0.707  0.0250   38.0     1.00      8931  0.950
  40    0.0 1.4e-02   0.956       5.50 1.2995e-06  99.417   -2.8e+03  -99.417   0.681  0.0264   38.0     1.00      9160  0.950
  41    0.0 1.3e-02   0.962       5.65 1.2709e-06 110.053  -2.88e+03 -110.053   0.681  0.0486   38.0     1.00      9389  0.950
  42    0.0 1.2e-02   0.987       5.71 1.3109e-06  91.185  -2.55e+03  -91.185   0.633  0.0343   38.0     1.00      9618  0.950
  43    0.0 1.2e-02   0.961       5.44 1.2522e-06 102.944  -2.85e+03 -102.944   0.633  0.0204   38.0     1.00      9847  0.950
  44    0.0 1.1e-02   0.961       5.30 1.1912e-06 101.337  -2.61e+03 -101.337   0.550  0.0275   38.0     1.00     10076  0.950
  45    0.0 1.1e-02   1.082       5.67 1.2836e-06  92.598  -2.52e+03  -92.598   0.681  0.0369   38.0     1.00     10305  0.950
  46    0.0 1.0e-02   0.942       5.52 1.286e-06   95.078  -2.61e+03  -95.078   0.620  0.0277   38.0     1.00     10534  0.950
  47    0.0 9.6e-03   0.998       5.58 1.2309e-06 104.265  -2.85e+03 -104.265   0.642  0.0379   38.0     1.00     10763  0.950
  48    0.0 9.1e-03   0.949       5.48 1.3576e-06  89.357  -2.54e+03  -89.357   0.563  0.0434   38.0     1.00     10992  0.950
  49    0.0 8.7e-03   0.980       5.08 1.1825e-06 101.254  -2.75e+03 -101.254   0.520  0.0195   38.0     1.00     11221  0.950
  50    0.0 8.2e-03   1.005       5.13 1.2405e-06  80.755  -2.33e+03  -80.755   0.480  0.0179   38.0     1.00     11450  0.950
  51    0.0 7.8e-03   0.975       4.91 1.1842e-06  91.320   -2.5e+03  -91.320   0.450  0.0262   38.0     1.00     11679  0.950
  52    0.0 7.4e-03   1.011       5.10 1.2176e-06  92.372  -2.57e+03  -92.372   0.485  0.0155   38.0     1.00     11908  0.950
  53    0.0 7.1e-03   1.010       5.34 1.1605e-06 104.841  -2.97e+03 -104.841   0.498  0.0216   38.0     1.00     12137  0.950
  54    0.0 6.7e-03   0.940       5.16 1.1107e-06 109.006  -3.01e+03 -109.006   0.437  0.0392   38.0     1.00     12366  0.950
  55    0.0 6.4e-03   0.995       4.69 9.9956e-07  95.241  -2.63e+03  -95.241   0.314  0.0258   37.9     1.02     12595  0.950
  56    0.0 6.1e-03   0.974       4.56 8.2369e-07  78.427  -2.25e+03  -78.427   0.306  0.0268   33.1     1.92     12824  0.950
  57    0.0 5.7e-03   1.019       4.45 6.5654e-07  81.923  -2.25e+03  -81.923   0.279  0.0168   28.7     2.77     13053  0.950
  58    0.0 5.5e-03   0.976       4.24 6.1301e-07  76.058  -2.14e+03  -76.058   0.205  0.0107   24.1     3.64     13282  0.950
  59    0.0 5.2e-03   0.983       4.25 5.0918e-07  77.998  -2.12e+03  -77.998   0.271  0.0168   18.4     4.70     13511  0.950
  60    0.0 4.9e-03   0.974       4.20 5.122e-07   79.678  -2.25e+03  -79.678   0.332  0.0145   15.3     5.29     13740  0.950
  61    0.0 4.7e-03   0.990       4.24 4.6583e-07  77.111  -2.13e+03  -77.111   0.345  0.0080   13.6     5.61     13969  0.950
  62    0.0 4.4e-03   0.953       4.04 4.6272e-07  74.220  -2.07e+03  -74.220   0.349  0.0217   12.3     5.85     14198  0.950
  63    0.0 4.2e-03   0.972       3.92 4.1226e-07  69.500     -2e+03  -69.500   0.275  0.0186   11.2     6.06     14427  0.950
  64    0.0 4.0e-03   0.965       3.78 4.0418e-07  72.105  -2.05e+03  -72.105   0.279  0.0186    9.4     6.42     14656  0.950
  65    0.0 3.8e-03   0.987       3.83 4.6052e-07  67.718  -1.96e+03  -67.718   0.358  0.0116    7.9     6.70     14885  0.950
  66    0.0 3.6e-03   0.975       3.87 4.6309e-07  64.253  -1.87e+03  -64.253   0.306  0.0106    7.2     6.82     15114  0.950
  67    0.0 3.4e-03   1.015       3.87 4.2577e-07  65.542  -1.92e+03  -65.542   0.371  0.0126    6.3     7.01     15343  0.950
  68    0.0 3.3e-03   0.974       3.71 4.1585e-07  72.168  -2.08e+03  -72.168   0.410  0.0130    5.8     7.09     15572  0.950
  69    0.0 3.1e-03   0.990       3.78 3.5489e-07  68.493  -1.93e+03  -68.493   0.332  0.0096    5.7     7.12     15801  0.950
  70    0.0 3.0e-03   0.986       3.77 4.1393e-07  65.397  -1.91e+03  -65.397   0.349  0.0069    5.0     7.24     16030  0.950
  71    0.0 2.8e-03   0.994       3.84 3.1819e-07  74.890  -2.03e+03  -74.890   0.467  0.0126    4.6     7.32     16259  0.950
  72    0.0 2.7e-03   0.987       3.68 3.3759e-07  69.461  -1.95e+03  -69.461   0.380  0.0063    4.7     7.30     16488  0.950
  73    0.0 2.5e-03   0.996       3.74 2.9996e-07  70.948  -1.98e+03  -70.948   0.424  0.0093    4.4     7.35     16717  0.950
  74    0.0 2.4e-03   0.984       3.64 3.5008e-07  67.374   -1.9e+03  -67.374   0.384  0.0082    4.4     7.37     16946  0.950
  75    0.0 2.3e-03   0.981       3.61 3.6241e-07  67.656  -1.88e+03  -67.656   0.410  0.0143    4.1     7.41     17175  0.950
  76    0.0 2.2e-03   0.989       3.50 3.3821e-07  68.983  -1.93e+03  -68.983   0.402  0.0104    4.0     7.43     17404  0.950
  77    0.0 2.1e-03   0.991       3.34 3.2979e-07  68.239  -1.92e+03  -68.239   0.293  0.0048    3.8     7.46     17633  0.950
  78    0.0 2.0e-03   0.994       3.39 3.8732e-07  62.109  -1.83e+03  -62.109   0.310  0.0040    3.3     7.57     17862  0.950
  79    0.0 1.9e-03   0.987       3.33 3.7297e-07  62.839  -1.86e+03  -62.839   0.354  0.0062    2.8     7.65     18091  0.950
  80    0.0 1.8e-03   0.997       3.32 3.4543e-07  62.962  -1.84e+03  -62.962   0.358  0.0035    2.6     7.70     18320  0.950
  81    0.0 1.7e-03   0.996       3.31 3.3835e-07  61.262  -1.78e+03  -61.262   0.406  0.0044    2.4     7.74     18549  0.950
  82    0.0 1.6e-03   0.999       3.29 3.6053e-07  57.992  -1.74e+03  -57.992   0.362  0.0053    2.3     7.75     18778  0.950
  83    0.0 1.5e-03   1.003       3.34 3.526e-07   61.272  -1.82e+03  -61.272   0.345  0.0028    2.1     7.79     19007  0.950
  84    0.0 1.4e-03   0.981       3.29 3.4721e-07  58.285  -1.72e+03  -58.285   0.415  0.0101    1.9     7.82     19236  0.950
  85    0.0 1.4e-03   0.994       3.25 3.2615e-07  58.406  -1.69e+03  -58.406   0.441  0.0059    1.9     7.83     19465  0.950
  86    0.0 1.3e-03   1.005       3.25 3.3801e-07  57.576  -1.66e+03  -57.576   0.323  0.0037    1.9     7.83     19694  0.950
  87    0.0 1.2e-03   0.992       3.26 3.228e-07   58.773   -1.7e+03  -58.773   0.358  0.0056    1.7     7.88     19923  0.950
  88    0.0 1.2e-03   0.997       3.29 3.4787e-07  54.650  -1.62e+03  -54.650   0.323  0.0050    1.5     7.90     20152  0.950
  89    0.0 1.1e-03   0.989       3.22 3.5924e-07  54.610  -1.62e+03  -54.610   0.301  0.0072    1.3     7.93     20381  0.950
  90    0.0 1.1e-03   0.992       3.18 3.3165e-07  55.539  -1.63e+03  -55.539   0.279  0.0047    1.2     7.97     20610  0.950
  91    0.0 1.0e-03   0.996       3.14 2.912e-07   59.894  -1.69e+03  -59.894   0.328  0.0060    1.0     8.00     20839  0.950
  92    0.0 9.5e-04   0.994       3.07 2.9806e-07  56.964  -1.62e+03  -56.964   0.236  0.0040    1.0     8.00     21068  0.950
  93    0.0 9.1e-04   0.995       3.04 2.9093e-07  59.384  -1.67e+03  -59.384   0.236  0.0032    1.0     8.00     21297  0.950
  94    0.0 8.6e-04   0.998       3.08 2.8347e-07  56.915  -1.61e+03  -56.915   0.227  0.0032    1.0     8.00     21526  0.950
  95    0.0 8.2e-04   0.994       3.08 2.8742e-07  55.688   -1.6e+03  -55.688   0.192  0.0028    1.0     8.00     21755  0.950
  96    0.0 7.8e-04   0.993       3.08 2.9459e-07  54.124  -1.56e+03  -54.124   0.175  0.0038    1.0     8.00     21984  0.950
  97    0.0 7.4e-04   0.998       3.07 3.0368e-07  53.252  -1.54e+03  -53.252   0.179  0.0023    1.0     8.00     22213  0.950
  98    0.0 7.0e-04   0.999       3.06 2.8531e-07  54.040  -1.56e+03  -54.040   0.210  0.0018    1.0     8.00     22442  0.950
  99    0.0 6.7e-04   0.997       3.05 2.9195e-07  53.450  -1.53e+03  -53.450   0.148  0.0027    1.0     8.00     22671  0.950
 100    0.0 5.3e-04   0.995       3.03 2.8757e-07  54.541  -1.56e+03  -54.541   0.148  0.0019    1.0     8.00     22900  0.800
 101    0.0 4.3e-04   0.994       3.02 2.8097e-07  53.958  -1.53e+03  -53.958   0.087  0.0024    1.0     8.00     23129  0.800
 102    0.0 3.4e-04   0.995       3.02 2.8913e-07  52.249   -1.5e+03  -52.249   0.074  0.0029    1.0     8.00     23358  0.800
 103    0.0 2.7e-04   0.998       3.01 2.817e-07   52.709   -1.5e+03  -52.709   0.044  0.0007    1.0     8.00     23587  0.800
 104    0.0 2.2e-04   0.999       3.01 2.8067e-07  52.709   -1.5e+03  -52.709   0.070  0.0009    1.0     8.00     23816  0.800
 105    0.0 1.7e-04   0.999       3.01 2.6574e-07  53.647  -1.52e+03  -53.647   0.066  0.0003    1.0     8.00     24045  0.800
 106    0.0 1.4e-04   0.998       3.01 2.6779e-07  53.647  -1.52e+03  -53.647   0.052  0.0011    1.0     8.00     24274  0.800
 107    0.0 1.1e-04   1.000       3.01 2.794e-07   52.709   -1.5e+03  -52.709   0.022  0.0001    1.0     8.00     24503  0.800
 108    0.0 8.9e-05   0.999       3.01 2.7959e-07  52.709   -1.5e+03  -52.709   0.031  0.0005    1.0     8.00     24732  0.800
 109    0.0 7.2e-05   0.999       3.01 2.6527e-07  53.647  -1.52e+03  -53.647   0.039  0.0006    1.0     8.00     24961  0.800
 110    0.0 5.7e-05   0.999       3.01 2.7903e-07  52.709   -1.5e+03  -52.709   0.052  0.0011    1.0     8.00     25190  0.800
 111    0.0 0.0e+00   0.999       3.00 2.7902e-07  52.724   -1.5e+03  -52.724   0.022  0.0006    1.0     8.00     25419  0.800
## Placement Quench took 0.00 seconds (max_rss 403.6 MiB)

BB estimate of min-dist (placement) wire length: 1996

Completed placement consistency check successfully.

Swaps called: 25478

Aborted Move Reasons:
  No moves aborted

Placement estimated critical path delay (least slack): 52.7244 ns
Placement estimated setup Worst Negative Slack (sWNS): -52.7244 ns
Placement estimated setup Total Negative Slack (sTNS): -1499.38 ns

Placement estimated setup slack histogram:
[ -5.3e-08: -4.8e-08)  4 (  9.3%) |*********
[ -4.8e-08: -4.3e-08) 22 ( 51.2%) |************************************************
[ -4.3e-08: -3.9e-08)  0 (  0.0%) |
[ -3.9e-08: -3.4e-08)  0 (  0.0%) |
[ -3.4e-08: -2.9e-08)  0 (  0.0%) |
[ -2.9e-08: -2.4e-08)  1 (  2.3%) |**
[ -2.4e-08:   -2e-08)  8 ( 18.6%) |*****************
[   -2e-08: -1.5e-08)  3 (  7.0%) |*******
[ -1.5e-08:   -1e-08)  1 (  2.3%) |**
[   -1e-08: -5.3e-09)  4 (  9.3%) |*********

Placement estimated intra-domain critical path delays (CPDs):
  $auto$clkbufmap.cc:247:execute$2733 to $auto$clkbufmap.cc:247:execute$2733 CPD: 15.4135 ns (64.8784 MHz)
  clk to clk CPD: 52.7244 ns (18.9666 MHz)

Placement estimated inter-domain critical path delays (CPDs):
  $auto$clkbufmap.cc:247:execute$2733 to virtual_io_clock CPD: 23.0605 ns (43.3641 MHz)
  virtual_io_clock to $auto$clkbufmap.cc:247:execute$2733 CPD: 26.3089 ns (38.0099 MHz)

Placement estimated intra-domain worst setup slacks per constraint:
  $auto$clkbufmap.cc:247:execute$2733 to $auto$clkbufmap.cc:247:execute$2733 worst setup slack: -15.4135 ns
  clk to clk worst setup slack: -52.7244 ns

Placement estimated inter-domain worst setup slacks per constraint:
  $auto$clkbufmap.cc:247:execute$2733 to virtual_io_clock worst setup slack: -23.0605 ns
  virtual_io_clock to $auto$clkbufmap.cc:247:execute$2733 worst setup slack: -26.3089 ns

Placement estimated geomean non-virtual intra-domain period: 28.5073 ns (35.0788 MHz)
Placement estimated fanout-weighted geomean non-virtual intra-domain period: 11.8602 ns (84.3159 MHz)

Placement cost: 0.998521, bb_cost: 3.00039, td_cost: 2.79279e-07, 

Placement resource usage:
  PB-SYN_GND implemented as TL-SYN_GND: 1
  PB-BIDIR   implemented as TL-BIDIR  : 10
  PB-ASSP    implemented as TL-ASSP   : 1
  PB-LOGIC   implemented as TL-LOGIC  : 46
  PB-SYN_VCC implemented as TL-SYN_VCC: 1

Placement number of temperatures: 111
Placement total # of swap attempts: 25478
	Swaps accepted: 13204 (51.8 %)
	Swaps rejected: 10554 (41.4 %)
	Swaps aborted :  1720 ( 6.8 %)
Placement Quench timing analysis took 0.000284631 seconds (0.000221593 STA, 6.3038e-05 slack) (1 full updates: 1 setup, 0 hold, 0 combined).
Placement Total  timing analysis took 0.033251 seconds (0.025958 STA, 0.00729299 slack) (113 full updates: 113 setup, 0 hold, 0 combined).
update_td_costs: connections 0 nets 0 sum_nets 0 total 0
Incr Slack updates 113 in 0.00226753 sec
Full Max Req/Worst Slack updates 103 in 0.000626818 sec
Incr Max Req/Worst Slack updates 10 in 5.1096e-05 sec
Incr Criticality updates 4 in 0.000102774 sec
Full Criticality updates 109 in 0.00359064 sec
# Placement took 0.74 seconds (max_rss 403.6 MiB, delta_rss +48.2 MiB)

Flow timing analysis took 0.033251 seconds (0.025958 STA, 0.00729299 slack) (113 full updates: 113 setup, 0 hold, 0 combined).
VPR succeeded
The entire flow of VPR took 27.05 seconds (max_rss 403.6 MiB)
